[debug] [2024-06-04T03:44:32.310Z] ----------------------------------------------------------------------
[debug] [2024-06-04T03:44:32.316Z] Command:       C:\Program Files\nodejs\node.exe C:\Users\yonat\AppData\Roaming\npm\node_modules\firebase-tools\lib\bin\firebase.js deploy --only functions
[debug] [2024-06-04T03:44:32.316Z] CLI Version:   13.10.1
[debug] [2024-06-04T03:44:32.316Z] Platform:      win32
[debug] [2024-06-04T03:44:32.317Z] Node Version:  v20.13.1
[debug] [2024-06-04T03:44:32.317Z] Time:          Mon Jun 03 2024 22:44:32 GMT-0500 (Central Daylight Time)
[debug] [2024-06-04T03:44:32.317Z] ----------------------------------------------------------------------
[debug] 
[debug] [2024-06-04T03:44:32.469Z] > command requires scopes: ["email","openid","https://www.googleapis.com/auth/cloudplatformprojects.readonly","https://www.googleapis.com/auth/firebase","https://www.googleapis.com/auth/cloud-platform"]
[debug] [2024-06-04T03:44:32.470Z] > authorizing via signed-in user (yonatan816288@gmail.com)
[debug] [2024-06-04T03:44:32.471Z] [iam] checking project clone-cc971 for permissions ["cloudfunctions.functions.create","cloudfunctions.functions.delete","cloudfunctions.functions.get","cloudfunctions.functions.list","cloudfunctions.functions.update","cloudfunctions.operations.get","firebase.projects.get"]
[debug] [2024-06-04T03:44:32.479Z] >>> [apiv2][query] POST https://cloudresourcemanager.googleapis.com/v1/projects/clone-cc971:testIamPermissions [none]
[debug] [2024-06-04T03:44:32.479Z] >>> [apiv2][(partial)header] POST https://cloudresourcemanager.googleapis.com/v1/projects/clone-cc971:testIamPermissions x-goog-quota-user=projects/clone-cc971
[debug] [2024-06-04T03:44:32.480Z] >>> [apiv2][body] POST https://cloudresourcemanager.googleapis.com/v1/projects/clone-cc971:testIamPermissions {"permissions":["cloudfunctions.functions.create","cloudfunctions.functions.delete","cloudfunctions.functions.get","cloudfunctions.functions.list","cloudfunctions.functions.update","cloudfunctions.operations.get","firebase.projects.get"]}
[debug] [2024-06-04T03:44:32.838Z] <<< [apiv2][status] POST https://cloudresourcemanager.googleapis.com/v1/projects/clone-cc971:testIamPermissions 200
[debug] [2024-06-04T03:44:32.839Z] <<< [apiv2][body] POST https://cloudresourcemanager.googleapis.com/v1/projects/clone-cc971:testIamPermissions {"permissions":["cloudfunctions.functions.create","cloudfunctions.functions.delete","cloudfunctions.functions.get","cloudfunctions.functions.list","cloudfunctions.functions.update","cloudfunctions.operations.get","firebase.projects.get"]}
[debug] [2024-06-04T03:44:32.840Z] >>> [apiv2][query] POST https://iam.googleapis.com/v1/projects/clone-cc971/serviceAccounts/clone-cc971@appspot.gserviceaccount.com:testIamPermissions [none]
[debug] [2024-06-04T03:44:32.840Z] >>> [apiv2][body] POST https://iam.googleapis.com/v1/projects/clone-cc971/serviceAccounts/clone-cc971@appspot.gserviceaccount.com:testIamPermissions {"permissions":["iam.serviceAccounts.actAs"]}
[debug] [2024-06-04T03:44:33.108Z] <<< [apiv2][status] POST https://iam.googleapis.com/v1/projects/clone-cc971/serviceAccounts/clone-cc971@appspot.gserviceaccount.com:testIamPermissions 200
[debug] [2024-06-04T03:44:33.108Z] <<< [apiv2][body] POST https://iam.googleapis.com/v1/projects/clone-cc971/serviceAccounts/clone-cc971@appspot.gserviceaccount.com:testIamPermissions {"permissions":["iam.serviceAccounts.actAs"]}
[info] 
[info] === Deploying to 'clone-cc971'...
[info] 
[info] i  deploying functions 
[debug] [2024-06-04T03:44:33.113Z] >>> [apiv2][query] GET https://firebase.googleapis.com/v1beta1/projects/clone-cc971 [none]
[debug] [2024-06-04T03:44:33.463Z] <<< [apiv2][status] GET https://firebase.googleapis.com/v1beta1/projects/clone-cc971 200
[debug] [2024-06-04T03:44:33.464Z] <<< [apiv2][body] GET https://firebase.googleapis.com/v1beta1/projects/clone-cc971 {"projectId":"clone-cc971","projectNumber":"679960200010","displayName":"Amazon-clone","name":"projects/clone-cc971","resources":{"hostingSite":"clone-cc971"},"state":"ACTIVE","etag":"1_4679bd0b-3fb3-41e6-b0f2-251621a7f9f6"}
[info] i  functions: preparing codebase default for deployment 
[info] i  functions: ensuring required API cloudfunctions.googleapis.com is enabled... 
[info] i  functions: ensuring required API cloudbuild.googleapis.com is enabled... 
[info] i  artifactregistry: ensuring required API artifactregistry.googleapis.com is enabled... 
[debug] [2024-06-04T03:44:33.467Z] >>> [apiv2][query] GET https://serviceusage.googleapis.com/v1/projects/clone-cc971/services/cloudfunctions.googleapis.com [none]
[debug] [2024-06-04T03:44:33.467Z] >>> [apiv2][(partial)header] GET https://serviceusage.googleapis.com/v1/projects/clone-cc971/services/cloudfunctions.googleapis.com x-goog-quota-user=projects/clone-cc971
[debug] [2024-06-04T03:44:33.468Z] >>> [apiv2][query] GET https://serviceusage.googleapis.com/v1/projects/clone-cc971/services/runtimeconfig.googleapis.com [none]
[debug] [2024-06-04T03:44:33.469Z] >>> [apiv2][(partial)header] GET https://serviceusage.googleapis.com/v1/projects/clone-cc971/services/runtimeconfig.googleapis.com x-goog-quota-user=projects/clone-cc971
[debug] [2024-06-04T03:44:33.470Z] >>> [apiv2][query] GET https://serviceusage.googleapis.com/v1/projects/clone-cc971/services/cloudbuild.googleapis.com [none]
[debug] [2024-06-04T03:44:33.470Z] >>> [apiv2][(partial)header] GET https://serviceusage.googleapis.com/v1/projects/clone-cc971/services/cloudbuild.googleapis.com x-goog-quota-user=projects/clone-cc971
[debug] [2024-06-04T03:44:33.471Z] >>> [apiv2][query] GET https://serviceusage.googleapis.com/v1/projects/clone-cc971/services/artifactregistry.googleapis.com [none]
[debug] [2024-06-04T03:44:33.472Z] >>> [apiv2][(partial)header] GET https://serviceusage.googleapis.com/v1/projects/clone-cc971/services/artifactregistry.googleapis.com x-goog-quota-user=projects/clone-cc971
[debug] [2024-06-04T03:44:33.765Z] <<< [apiv2][status] GET https://serviceusage.googleapis.com/v1/projects/clone-cc971/services/cloudbuild.googleapis.com 200
[debug] [2024-06-04T03:44:33.766Z] <<< [apiv2][body] GET https://serviceusage.googleapis.com/v1/projects/clone-cc971/services/cloudbuild.googleapis.com [omitted]
[info] +  functions: required API cloudbuild.googleapis.com is enabled 
[debug] [2024-06-04T03:44:33.785Z] <<< [apiv2][status] GET https://serviceusage.googleapis.com/v1/projects/clone-cc971/services/cloudfunctions.googleapis.com 200
[debug] [2024-06-04T03:44:33.786Z] <<< [apiv2][body] GET https://serviceusage.googleapis.com/v1/projects/clone-cc971/services/cloudfunctions.googleapis.com [omitted]
[info] +  functions: required API cloudfunctions.googleapis.com is enabled 
[debug] [2024-06-04T03:44:33.790Z] <<< [apiv2][status] GET https://serviceusage.googleapis.com/v1/projects/clone-cc971/services/runtimeconfig.googleapis.com 200
[debug] [2024-06-04T03:44:33.790Z] <<< [apiv2][body] GET https://serviceusage.googleapis.com/v1/projects/clone-cc971/services/runtimeconfig.googleapis.com [omitted]
[debug] [2024-06-04T03:44:33.825Z] <<< [apiv2][status] GET https://serviceusage.googleapis.com/v1/projects/clone-cc971/services/artifactregistry.googleapis.com 200
[debug] [2024-06-04T03:44:33.826Z] <<< [apiv2][body] GET https://serviceusage.googleapis.com/v1/projects/clone-cc971/services/artifactregistry.googleapis.com [omitted]
[info] +  artifactregistry: required API artifactregistry.googleapis.com is enabled 
[debug] [2024-06-04T03:44:33.837Z] >>> [apiv2][query] GET https://firebase.googleapis.com/v1beta1/projects/clone-cc971/adminSdkConfig [none]
[debug] [2024-06-04T03:44:34.027Z] <<< [apiv2][status] GET https://firebase.googleapis.com/v1beta1/projects/clone-cc971/adminSdkConfig 200
[debug] [2024-06-04T03:44:34.027Z] <<< [apiv2][body] GET https://firebase.googleapis.com/v1beta1/projects/clone-cc971/adminSdkConfig {"projectId":"clone-cc971","storageBucket":"clone-cc971.appspot.com"}
[debug] [2024-06-04T03:44:34.029Z] >>> [apiv2][query] GET https://runtimeconfig.googleapis.com/v1beta1/projects/clone-cc971/configs [none]
[debug] [2024-06-04T03:44:34.239Z] <<< [apiv2][status] GET https://runtimeconfig.googleapis.com/v1beta1/projects/clone-cc971/configs 200
[debug] [2024-06-04T03:44:34.239Z] <<< [apiv2][body] GET https://runtimeconfig.googleapis.com/v1beta1/projects/clone-cc971/configs {}
[debug] [2024-06-04T03:44:34.246Z] Validating nodejs source
[debug] [2024-06-04T03:44:36.352Z] > [functions] package.json contents: {
  "name": "functions",
  "description": "Cloud Functions for Firebase",
  "scripts": {
    "serve": "firebase emulators:start --only functions",
    "shell": "firebase functions:shell",
    "start": "npm run shell",
    "deploy": "firebase deploy --only functions",
    "logs": "firebase functions:log"
  },
  "engines": {
    "node": "18"
  },
  "main": "index.js",
  "dependencies": {
    "firebase-admin": "^12.1.0",
    "firebase-functions": "^5.0.0"
  },
  "devDependencies": {
    "firebase-functions-test": "^3.1.0"
  },
  "private": true
}
[debug] [2024-06-04T03:44:36.353Z] Building nodejs source
[info] i  functions: Loading and analyzing source code for codebase default to determine what to deploy 
[debug] [2024-06-04T03:44:36.357Z] Could not find functions.yaml. Must use http discovery
[debug] [2024-06-04T03:44:36.385Z] Found firebase-functions binary at 'C:\Users\yonat\OneDrive\Desktop\Evangadi\Phase-4\Amazon-clone-2024\functions\node_modules\.bin\firebase-functions'
[info] Serving at port 8251

[debug] [2024-06-04T03:44:38.073Z] Got response from /__/functions.yaml {"endpoints":{"api":{"availableMemoryMb":null,"timeoutSeconds":null,"minInstances":null,"maxInstances":10,"ingressSettings":null,"concurrency":null,"serviceAccountEmail":null,"vpc":null,"platform":"gcfv2","labels":{},"httpsTrigger":{},"entryPoint":"api"}},"specVersion":"v1alpha1","requiredAPIs":[]}
[info] i  functions: Loaded environment variables from .env. 
[info] i  functions: preparing functions directory for uploading... 
[info] i  functions: packaged C:\Users\yonat\OneDrive\Desktop\Evangadi\Phase-4\Amazon-clone-2024\functions (32.24 KB) for uploading 
[debug] [2024-06-04T03:44:43.268Z] >>> [apiv2][query] GET https://cloudfunctions.googleapis.com/v1/projects/clone-cc971/locations/-/functions [none]
[debug] [2024-06-04T03:44:43.953Z] <<< [apiv2][status] GET https://cloudfunctions.googleapis.com/v1/projects/clone-cc971/locations/-/functions 200
[debug] [2024-06-04T03:44:43.954Z] <<< [apiv2][body] GET https://cloudfunctions.googleapis.com/v1/projects/clone-cc971/locations/-/functions {}
[debug] [2024-06-04T03:44:43.957Z] >>> [apiv2][query] GET https://cloudfunctions.googleapis.com/v2/projects/clone-cc971/locations/-/functions filter=environment%3D%22GEN_2%22
[debug] [2024-06-04T03:44:44.401Z] <<< [apiv2][status] GET https://cloudfunctions.googleapis.com/v2/projects/clone-cc971/locations/-/functions 200
[debug] [2024-06-04T03:44:44.405Z] <<< [apiv2][body] GET https://cloudfunctions.googleapis.com/v2/projects/clone-cc971/locations/-/functions {"functions":[{"name":"projects/clone-cc971/locations/us-central1/functions/api","buildConfig":{"build":"projects/679960200010/locations/us-central1/builds/69a2aa9f-9a0c-448f-a1ac-634d40de945e","runtime":"nodejs18","entryPoint":"api","source":{"storageSource":{"bucket":"gcf-v2-sources-679960200010-us-central1","object":"api/function-source.zip","generation":"1717461668814992"}},"environmentVariables":{"GOOGLE_NODE_RUN_SCRIPTS":""},"dockerRepository":"projects/clone-cc971/locations/us-central1/repositories/gcf-artifacts","sourceProvenance":{"resolvedStorageSource":{"bucket":"gcf-v2-sources-679960200010-us-central1","object":"api/function-source.zip","generation":"1717461668814992"}},"dockerRegistry":"ARTIFACT_REGISTRY"},"state":"UNKNOWN","updateTime":"2024-06-04T03:38:41.256950415Z","labels":{"deployment-tool":"cli-firebase","firebase-functions-hash":"50307df24dc3999bee0b6fe8d330d20eef5eb46f"},"stateMessages":[{"severity":"ERROR","type":"CloudRunServiceNotFound","message":"Cloud Run service projects/clone-cc971/locations/us-central1/services/api for the function was not found. The function will not work correctly. Please redeploy."}],"environment":"GEN_2","url":"https://us-central1-clone-cc971.cloudfunctions.net/api","createTime":"2024-06-04T00:41:09.168140335Z"}]}
[info] i  functions: ensuring required API run.googleapis.com is enabled... 
[info] i  functions: ensuring required API eventarc.googleapis.com is enabled... 
[info] i  functions: ensuring required API pubsub.googleapis.com is enabled... 
[info] i  functions: ensuring required API storage.googleapis.com is enabled... 
[debug] [2024-06-04T03:44:44.421Z] >>> [apiv2][query] GET https://serviceusage.googleapis.com/v1/projects/clone-cc971/services/run.googleapis.com [none]
[debug] [2024-06-04T03:44:44.422Z] >>> [apiv2][(partial)header] GET https://serviceusage.googleapis.com/v1/projects/clone-cc971/services/run.googleapis.com x-goog-quota-user=projects/clone-cc971
[debug] [2024-06-04T03:44:44.426Z] >>> [apiv2][query] GET https://serviceusage.googleapis.com/v1/projects/clone-cc971/services/eventarc.googleapis.com [none]
[debug] [2024-06-04T03:44:44.427Z] >>> [apiv2][(partial)header] GET https://serviceusage.googleapis.com/v1/projects/clone-cc971/services/eventarc.googleapis.com x-goog-quota-user=projects/clone-cc971
[debug] [2024-06-04T03:44:44.432Z] >>> [apiv2][query] GET https://serviceusage.googleapis.com/v1/projects/clone-cc971/services/pubsub.googleapis.com [none]
[debug] [2024-06-04T03:44:44.432Z] >>> [apiv2][(partial)header] GET https://serviceusage.googleapis.com/v1/projects/clone-cc971/services/pubsub.googleapis.com x-goog-quota-user=projects/clone-cc971
[debug] [2024-06-04T03:44:44.434Z] >>> [apiv2][query] GET https://serviceusage.googleapis.com/v1/projects/clone-cc971/services/storage.googleapis.com [none]
[debug] [2024-06-04T03:44:44.434Z] >>> [apiv2][(partial)header] GET https://serviceusage.googleapis.com/v1/projects/clone-cc971/services/storage.googleapis.com x-goog-quota-user=projects/clone-cc971
[debug] [2024-06-04T03:44:44.723Z] <<< [apiv2][status] GET https://serviceusage.googleapis.com/v1/projects/clone-cc971/services/run.googleapis.com 200
[debug] [2024-06-04T03:44:44.723Z] <<< [apiv2][body] GET https://serviceusage.googleapis.com/v1/projects/clone-cc971/services/run.googleapis.com [omitted]
[info] +  functions: required API run.googleapis.com is enabled 
[debug] [2024-06-04T03:44:44.724Z] <<< [apiv2][status] GET https://serviceusage.googleapis.com/v1/projects/clone-cc971/services/pubsub.googleapis.com 200
[debug] [2024-06-04T03:44:44.724Z] <<< [apiv2][body] GET https://serviceusage.googleapis.com/v1/projects/clone-cc971/services/pubsub.googleapis.com [omitted]
[info] +  functions: required API pubsub.googleapis.com is enabled 
[debug] [2024-06-04T03:44:44.756Z] <<< [apiv2][status] GET https://serviceusage.googleapis.com/v1/projects/clone-cc971/services/storage.googleapis.com 200
[debug] [2024-06-04T03:44:44.757Z] <<< [apiv2][body] GET https://serviceusage.googleapis.com/v1/projects/clone-cc971/services/storage.googleapis.com [omitted]
[info] +  functions: required API storage.googleapis.com is enabled 
[debug] [2024-06-04T03:44:44.763Z] <<< [apiv2][status] GET https://serviceusage.googleapis.com/v1/projects/clone-cc971/services/eventarc.googleapis.com 200
[debug] [2024-06-04T03:44:44.763Z] <<< [apiv2][body] GET https://serviceusage.googleapis.com/v1/projects/clone-cc971/services/eventarc.googleapis.com [omitted]
[info] +  functions: required API eventarc.googleapis.com is enabled 
[info] i  functions: generating the service identity for pubsub.googleapis.com... 
[info] i  functions: generating the service identity for eventarc.googleapis.com... 
[debug] [2024-06-04T03:44:44.773Z] >>> [apiv2][query] POST https://serviceusage.googleapis.com/v1beta1/projects/679960200010/services/pubsub.googleapis.com:generateServiceIdentity [none]
[debug] [2024-06-04T03:44:44.776Z] >>> [apiv2][query] POST https://serviceusage.googleapis.com/v1beta1/projects/679960200010/services/eventarc.googleapis.com:generateServiceIdentity [none]
[debug] [2024-06-04T03:44:45.027Z] <<< [apiv2][status] POST https://serviceusage.googleapis.com/v1beta1/projects/679960200010/services/eventarc.googleapis.com:generateServiceIdentity 200
[debug] [2024-06-04T03:44:45.027Z] <<< [apiv2][body] POST https://serviceusage.googleapis.com/v1beta1/projects/679960200010/services/eventarc.googleapis.com:generateServiceIdentity {"name":"operations/finished.DONE_OPERATION","done":true,"response":{"@type":"type.googleapis.com/google.api.serviceusage.v1beta1.ServiceIdentity","email":"service-679960200010@gcp-sa-eventarc.iam.gserviceaccount.com","uniqueId":"113581520621270644780"}}
[debug] [2024-06-04T03:44:45.045Z] <<< [apiv2][status] POST https://serviceusage.googleapis.com/v1beta1/projects/679960200010/services/pubsub.googleapis.com:generateServiceIdentity 200
[debug] [2024-06-04T03:44:45.045Z] <<< [apiv2][body] POST https://serviceusage.googleapis.com/v1beta1/projects/679960200010/services/pubsub.googleapis.com:generateServiceIdentity {"name":"operations/finished.DONE_OPERATION","done":true,"response":{"@type":"type.googleapis.com/google.api.serviceusage.v1beta1.ServiceIdentity","email":"service-679960200010@gcp-sa-pubsub.iam.gserviceaccount.com","uniqueId":"101407427069265371405"}}
[debug] [2024-06-04T03:44:45.049Z] >>> [apiv2][query] GET https://firebase.googleapis.com/v1beta1/projects/clone-cc971 [none]
[debug] [2024-06-04T03:44:45.343Z] <<< [apiv2][status] GET https://firebase.googleapis.com/v1beta1/projects/clone-cc971 200
[debug] [2024-06-04T03:44:45.344Z] <<< [apiv2][body] GET https://firebase.googleapis.com/v1beta1/projects/clone-cc971 {"projectId":"clone-cc971","projectNumber":"679960200010","displayName":"Amazon-clone","name":"projects/clone-cc971","resources":{"hostingSite":"clone-cc971"},"state":"ACTIVE","etag":"1_4679bd0b-3fb3-41e6-b0f2-251621a7f9f6"}
[debug] [2024-06-04T03:44:45.346Z] >>> [apiv2][query] POST https://cloudfunctions.googleapis.com/v2/projects/clone-cc971/locations/us-central1/functions:generateUploadUrl [none]
[debug] [2024-06-04T03:44:45.591Z] <<< [apiv2][status] POST https://cloudfunctions.googleapis.com/v2/projects/clone-cc971/locations/us-central1/functions:generateUploadUrl 200
[debug] [2024-06-04T03:44:45.591Z] <<< [apiv2][body] POST https://cloudfunctions.googleapis.com/v2/projects/clone-cc971/locations/us-central1/functions:generateUploadUrl {"uploadUrl":"https://storage.googleapis.com/gcf-v2-uploads-679960200010-us-central1/9e0fb1f4-07f1-46ee-ad53-6a43c3f1a4b2.zip?GoogleAccessId=service-679960200010@gcf-admin-robot.iam.gserviceaccount.com&Expires=1717474484&Signature=MHhdnchhp62GjbUeNGvnuydiYZwMh26CR20G5myYKnmD8kK3kAkyLzXs7e9Xc%2Bhv0hX2Anlz5nk3FBk4PwTmFQ9iEbwiCoZ5OLruBFkzmNUOtJJ6KFEUe3t2dtxwwYpV5sBG4cNgprE%2BM1bBrHVGCuOWFc2XFU15dj4HhrpSYtRvftEfiPnwKUqckxhriWhnYZwFABZYnOWxTrkKZHle4YAZARHDO6i6nyaIlZovnqsi0ZkjENFfd%2FFYFd3IFftS0oSYNsd4YPgrdmE5TNANjg6nJUQV10w8z33V5FsB5xGKtZcVS4s8X55C%2F3PcsP5fT2jRS1TxtHZyiq%2BQg2QuCQ%3D%3D","storageSource":{"bucket":"gcf-v2-uploads-679960200010-us-central1","object":"9e0fb1f4-07f1-46ee-ad53-6a43c3f1a4b2.zip"}}
[debug] [2024-06-04T03:44:45.593Z] >>> [apiv2][query] PUT https://storage.googleapis.com/gcf-v2-uploads-679960200010-us-central1/9e0fb1f4-07f1-46ee-ad53-6a43c3f1a4b2.zip GoogleAccessId=service-679960200010%40gcf-admin-robot.iam.gserviceaccount.com&Expires=1717474484&Signature=MHhdnchhp62GjbUeNGvnuydiYZwMh26CR20G5myYKnmD8kK3kAkyLzXs7e9Xc%2Bhv0hX2Anlz5nk3FBk4PwTmFQ9iEbwiCoZ5OLruBFkzmNUOtJJ6KFEUe3t2dtxwwYpV5sBG4cNgprE%2BM1bBrHVGCuOWFc2XFU15dj4HhrpSYtRvftEfiPnwKUqckxhriWhnYZwFABZYnOWxTrkKZHle4YAZARHDO6i6nyaIlZovnqsi0ZkjENFfd%2FFYFd3IFftS0oSYNsd4YPgrdmE5TNANjg6nJUQV10w8z33V5FsB5xGKtZcVS4s8X55C%2F3PcsP5fT2jRS1TxtHZyiq%2BQg2QuCQ%3D%3D
[debug] [2024-06-04T03:44:45.593Z] >>> [apiv2][body] PUT https://storage.googleapis.com/gcf-v2-uploads-679960200010-us-central1/9e0fb1f4-07f1-46ee-ad53-6a43c3f1a4b2.zip [stream]
[debug] [2024-06-04T03:44:46.044Z] <<< [apiv2][status] PUT https://storage.googleapis.com/gcf-v2-uploads-679960200010-us-central1/9e0fb1f4-07f1-46ee-ad53-6a43c3f1a4b2.zip 200
[debug] [2024-06-04T03:44:46.044Z] <<< [apiv2][body] PUT https://storage.googleapis.com/gcf-v2-uploads-679960200010-us-central1/9e0fb1f4-07f1-46ee-ad53-6a43c3f1a4b2.zip [omitted]
[info] +  functions: functions folder uploaded successfully 
[info] i  functions: updating Node.js 18 (2nd Gen) function api(us-central1)... 
[debug] [2024-06-04T03:44:46.054Z] >>> [apiv2][query] PATCH https://cloudfunctions.googleapis.com/v2/projects/clone-cc971/locations/us-central1/functions/api updateMask=name%2CbuildConfig.runtime%2CbuildConfig.entryPoint%2CbuildConfig.source.storageSource.bucket%2CbuildConfig.source.storageSource.object%2CbuildConfig.environmentVariables%2CserviceConfig.environmentVariables%2CserviceConfig.ingressSettings%2CserviceConfig.timeoutSeconds%2CserviceConfig.serviceAccountEmail%2CserviceConfig.availableMemory%2CserviceConfig.minInstanceCount%2CserviceConfig.maxInstanceCount%2CserviceConfig.maxInstanceRequestConcurrency%2CserviceConfig.availableCpu%2CserviceConfig.vpcConnector%2CserviceConfig.vpcConnectorEgressSettings%2Clabels%2CbuildConfig.buildEnvironmentVariables
[debug] [2024-06-04T03:44:46.056Z] >>> [apiv2][body] PATCH https://cloudfunctions.googleapis.com/v2/projects/clone-cc971/locations/us-central1/functions/api {"name":"projects/clone-cc971/locations/us-central1/functions/api","buildConfig":{"runtime":"nodejs18","entryPoint":"api","source":{"storageSource":{"bucket":"gcf-v2-uploads-679960200010-us-central1","object":"9e0fb1f4-07f1-46ee-ad53-6a43c3f1a4b2.zip"}},"environmentVariables":{"GOOGLE_NODE_RUN_SCRIPTS":""}},"serviceConfig":{"environmentVariables":{"STRIPE_KEY":"sk_test_51PL7v9EMgxnqkK6fy5HWe5NTuoxA5erl1AnnolKFtlzHiARVDTXe3Mw5ECai7RqNu6mvPXiEoxmNvaJybtzKBMOM00qvIfptyM","FIREBASE_CONFIG":"{\"projectId\":\"clone-cc971\",\"storageBucket\":\"clone-cc971.appspot.com\"}","GCLOUD_PROJECT":"clone-cc971","EVENTARC_CLOUD_EVENT_SOURCE":"projects/clone-cc971/locations/us-central1/services/api","FUNCTION_TARGET":"api"},"ingressSettings":null,"timeoutSeconds":null,"serviceAccountEmail":null,"availableMemory":"256Mi","minInstanceCount":null,"maxInstanceCount":10,"maxInstanceRequestConcurrency":80,"availableCpu":"1","vpcConnector":null,"vpcConnectorEgressSettings":null},"labels":{"deployment-tool":"cli-firebase","firebase-functions-hash":"80c4d0f3c0f3489b3bf41531512225054c8cd847"}}
[debug] [2024-06-04T03:44:47.205Z] <<< [apiv2][status] PATCH https://cloudfunctions.googleapis.com/v2/projects/clone-cc971/locations/us-central1/functions/api 200
[debug] [2024-06-04T03:44:47.205Z] <<< [apiv2][body] PATCH https://cloudfunctions.googleapis.com/v2/projects/clone-cc971/locations/us-central1/functions/api {"name":"projects/clone-cc971/locations/us-central1/operations/operation-1717472685599-61a08455629b2-ffd4518c-bb7f9f41","metadata":{"@type":"type.googleapis.com/google.cloud.functions.v2.OperationMetadata","createTime":"2024-06-04T03:44:46.561790947Z","target":"projects/clone-cc971/locations/us-central1/functions/api","verb":"update","cancelRequested":false,"apiVersion":"v2"},"done":false}
[debug] [2024-06-04T03:44:47.207Z] >>> [apiv2][query] GET https://cloudfunctions.googleapis.com/v2/projects/clone-cc971/locations/us-central1/operations/operation-1717472685599-61a08455629b2-ffd4518c-bb7f9f41 [none]
[debug] [2024-06-04T03:44:47.374Z] <<< [apiv2][status] GET https://cloudfunctions.googleapis.com/v2/projects/clone-cc971/locations/us-central1/operations/operation-1717472685599-61a08455629b2-ffd4518c-bb7f9f41 200
[debug] [2024-06-04T03:44:47.375Z] <<< [apiv2][body] GET https://cloudfunctions.googleapis.com/v2/projects/clone-cc971/locations/us-central1/operations/operation-1717472685599-61a08455629b2-ffd4518c-bb7f9f41 {"name":"projects/clone-cc971/locations/us-central1/operations/operation-1717472685599-61a08455629b2-ffd4518c-bb7f9f41","metadata":{"@type":"type.googleapis.com/google.cloud.functions.v2.OperationMetadata","createTime":"2024-06-04T03:44:46.561790947Z","target":"projects/clone-cc971/locations/us-central1/functions/api","verb":"update","cancelRequested":false,"apiVersion":"v2","requestResource":{"@type":"type.googleapis.com/google.cloud.functions.v2.Function","name":"projects/clone-cc971/locations/us-central1/functions/api","buildConfig":{"runtime":"nodejs18","entryPoint":"api","source":{"storageSource":{"bucket":"gcf-v2-sources-679960200010-us-central1","object":"api/function-source.zip","generation":"1717472686508445"}},"environmentVariables":{"GOOGLE_NODE_RUN_SCRIPTS":""},"dockerRepository":"projects/clone-cc971/locations/us-central1/repositories/gcf-artifacts","sourceProvenance":{"resolvedStorageSource":{"bucket":"gcf-v2-sources-679960200010-us-central1","object":"api/function-source.zip","generation":"1717461668814992"}},"dockerRegistry":"ARTIFACT_REGISTRY"},"serviceConfig":{"service":"projects/clone-cc971/locations/us-central1/services/api","timeoutSeconds":60,"environmentVariables":{"STRIPE_KEY":"sk_test_51PL7v9EMgxnqkK6fy5HWe5NTuoxA5erl1AnnolKFtlzHiARVDTXe3Mw5ECai7RqNu6mvPXiEoxmNvaJybtzKBMOM00qvIfptyM","FIREBASE_CONFIG":"{\"projectId\":\"clone-cc971\",\"storageBucket\":\"clone-cc971.appspot.com\"}","GCLOUD_PROJECT":"clone-cc971","EVENTARC_CLOUD_EVENT_SOURCE":"projects/clone-cc971/locations/us-central1/services/api","FUNCTION_TARGET":"api"},"maxInstanceCount":10,"ingressSettings":"ALLOW_ALL","serviceAccountEmail":"679960200010-compute@developer.gserviceaccount.com","availableMemory":"256Mi","maxInstanceRequestConcurrency":80,"availableCpu":"1"},"state":"UNKNOWN","labels":{"firebase-functions-hash":"80c4d0f3c0f3489b3bf41531512225054c8cd847"},"stateMessages":[{"severity":"ERROR","type":"CloudRunServiceNotFound","message":"Cloud Run service projects/clone-cc971/locations/us-central1/services/api for the function was not found. The function will not work correctly. Please redeploy."}],"environment":"GEN_2","url":"https://us-central1-clone-cc971.cloudfunctions.net/api"},"stages":[{"name":"BUILD","state":"NOT_STARTED"},{"name":"SERVICE","state":"NOT_STARTED"}],"operationType":"UPDATE_FUNCTION"},"done":false}
[debug] [2024-06-04T03:44:47.888Z] [update-default-us-central1-api] Retrying task index 0
[debug] [2024-06-04T03:44:47.890Z] >>> [apiv2][query] GET https://cloudfunctions.googleapis.com/v2/projects/clone-cc971/locations/us-central1/operations/operation-1717472685599-61a08455629b2-ffd4518c-bb7f9f41 [none]
[debug] [2024-06-04T03:44:48.045Z] <<< [apiv2][status] GET https://cloudfunctions.googleapis.com/v2/projects/clone-cc971/locations/us-central1/operations/operation-1717472685599-61a08455629b2-ffd4518c-bb7f9f41 200
[debug] [2024-06-04T03:44:48.045Z] <<< [apiv2][body] GET https://cloudfunctions.googleapis.com/v2/projects/clone-cc971/locations/us-central1/operations/operation-1717472685599-61a08455629b2-ffd4518c-bb7f9f41 {"name":"projects/clone-cc971/locations/us-central1/operations/operation-1717472685599-61a08455629b2-ffd4518c-bb7f9f41","metadata":{"@type":"type.googleapis.com/google.cloud.functions.v2.OperationMetadata","createTime":"2024-06-04T03:44:46.561790947Z","target":"projects/clone-cc971/locations/us-central1/functions/api","verb":"update","cancelRequested":false,"apiVersion":"v2","requestResource":{"@type":"type.googleapis.com/google.cloud.functions.v2.Function","name":"projects/clone-cc971/locations/us-central1/functions/api","buildConfig":{"runtime":"nodejs18","entryPoint":"api","source":{"storageSource":{"bucket":"gcf-v2-sources-679960200010-us-central1","object":"api/function-source.zip","generation":"1717472686508445"}},"environmentVariables":{"GOOGLE_NODE_RUN_SCRIPTS":""},"dockerRepository":"projects/clone-cc971/locations/us-central1/repositories/gcf-artifacts","sourceProvenance":{"resolvedStorageSource":{"bucket":"gcf-v2-sources-679960200010-us-central1","object":"api/function-source.zip","generation":"1717461668814992"}},"dockerRegistry":"ARTIFACT_REGISTRY"},"serviceConfig":{"service":"projects/clone-cc971/locations/us-central1/services/api","timeoutSeconds":60,"environmentVariables":{"STRIPE_KEY":"sk_test_51PL7v9EMgxnqkK6fy5HWe5NTuoxA5erl1AnnolKFtlzHiARVDTXe3Mw5ECai7RqNu6mvPXiEoxmNvaJybtzKBMOM00qvIfptyM","FIREBASE_CONFIG":"{\"projectId\":\"clone-cc971\",\"storageBucket\":\"clone-cc971.appspot.com\"}","GCLOUD_PROJECT":"clone-cc971","EVENTARC_CLOUD_EVENT_SOURCE":"projects/clone-cc971/locations/us-central1/services/api","FUNCTION_TARGET":"api"},"maxInstanceCount":10,"ingressSettings":"ALLOW_ALL","serviceAccountEmail":"679960200010-compute@developer.gserviceaccount.com","availableMemory":"256Mi","maxInstanceRequestConcurrency":80,"availableCpu":"1"},"state":"UNKNOWN","labels":{"firebase-functions-hash":"80c4d0f3c0f3489b3bf41531512225054c8cd847"},"stateMessages":[{"severity":"ERROR","type":"CloudRunServiceNotFound","message":"Cloud Run service projects/clone-cc971/locations/us-central1/services/api for the function was not found. The function will not work correctly. Please redeploy."}],"environment":"GEN_2","url":"https://us-central1-clone-cc971.cloudfunctions.net/api"},"stages":[{"name":"BUILD","message":"Build in progress","state":"IN_PROGRESS","resource":"projects/679960200010/locations/us-central1/builds/3b279676-340a-4963-9758-de4e435a0edd","resourceUri":"https://console.cloud.google.com/cloud-build/builds;region=us-central1/3b279676-340a-4963-9758-de4e435a0edd?project=679960200010"},{"name":"SERVICE","state":"NOT_STARTED"}],"operationType":"UPDATE_FUNCTION"},"done":false}
[debug] [2024-06-04T03:44:49.053Z] [update-default-us-central1-api] Retrying task index 0
[debug] [2024-06-04T03:44:49.057Z] >>> [apiv2][query] GET https://cloudfunctions.googleapis.com/v2/projects/clone-cc971/locations/us-central1/operations/operation-1717472685599-61a08455629b2-ffd4518c-bb7f9f41 [none]
[debug] [2024-06-04T03:44:49.218Z] <<< [apiv2][status] GET https://cloudfunctions.googleapis.com/v2/projects/clone-cc971/locations/us-central1/operations/operation-1717472685599-61a08455629b2-ffd4518c-bb7f9f41 200
[debug] [2024-06-04T03:44:49.218Z] <<< [apiv2][body] GET https://cloudfunctions.googleapis.com/v2/projects/clone-cc971/locations/us-central1/operations/operation-1717472685599-61a08455629b2-ffd4518c-bb7f9f41 {"name":"projects/clone-cc971/locations/us-central1/operations/operation-1717472685599-61a08455629b2-ffd4518c-bb7f9f41","metadata":{"@type":"type.googleapis.com/google.cloud.functions.v2.OperationMetadata","createTime":"2024-06-04T03:44:46.561790947Z","target":"projects/clone-cc971/locations/us-central1/functions/api","verb":"update","cancelRequested":false,"apiVersion":"v2","requestResource":{"@type":"type.googleapis.com/google.cloud.functions.v2.Function","name":"projects/clone-cc971/locations/us-central1/functions/api","buildConfig":{"runtime":"nodejs18","entryPoint":"api","source":{"storageSource":{"bucket":"gcf-v2-sources-679960200010-us-central1","object":"api/function-source.zip","generation":"1717472686508445"}},"environmentVariables":{"GOOGLE_NODE_RUN_SCRIPTS":""},"dockerRepository":"projects/clone-cc971/locations/us-central1/repositories/gcf-artifacts","sourceProvenance":{"resolvedStorageSource":{"bucket":"gcf-v2-sources-679960200010-us-central1","object":"api/function-source.zip","generation":"1717461668814992"}},"dockerRegistry":"ARTIFACT_REGISTRY"},"serviceConfig":{"service":"projects/clone-cc971/locations/us-central1/services/api","timeoutSeconds":60,"environmentVariables":{"STRIPE_KEY":"sk_test_51PL7v9EMgxnqkK6fy5HWe5NTuoxA5erl1AnnolKFtlzHiARVDTXe3Mw5ECai7RqNu6mvPXiEoxmNvaJybtzKBMOM00qvIfptyM","FIREBASE_CONFIG":"{\"projectId\":\"clone-cc971\",\"storageBucket\":\"clone-cc971.appspot.com\"}","GCLOUD_PROJECT":"clone-cc971","EVENTARC_CLOUD_EVENT_SOURCE":"projects/clone-cc971/locations/us-central1/services/api","FUNCTION_TARGET":"api"},"maxInstanceCount":10,"ingressSettings":"ALLOW_ALL","serviceAccountEmail":"679960200010-compute@developer.gserviceaccount.com","availableMemory":"256Mi","maxInstanceRequestConcurrency":80,"availableCpu":"1"},"state":"UNKNOWN","labels":{"firebase-functions-hash":"80c4d0f3c0f3489b3bf41531512225054c8cd847"},"stateMessages":[{"severity":"ERROR","type":"CloudRunServiceNotFound","message":"Cloud Run service projects/clone-cc971/locations/us-central1/services/api for the function was not found. The function will not work correctly. Please redeploy."}],"environment":"GEN_2","url":"https://us-central1-clone-cc971.cloudfunctions.net/api"},"stages":[{"name":"BUILD","message":"Build in progress","state":"IN_PROGRESS","resource":"projects/679960200010/locations/us-central1/builds/3b279676-340a-4963-9758-de4e435a0edd","resourceUri":"https://console.cloud.google.com/cloud-build/builds;region=us-central1/3b279676-340a-4963-9758-de4e435a0edd?project=679960200010"},{"name":"SERVICE","state":"NOT_STARTED"}],"operationType":"UPDATE_FUNCTION"},"done":false}
[debug] [2024-06-04T03:44:51.222Z] [update-default-us-central1-api] Retrying task index 0
[debug] [2024-06-04T03:44:51.225Z] >>> [apiv2][query] GET https://cloudfunctions.googleapis.com/v2/projects/clone-cc971/locations/us-central1/operations/operation-1717472685599-61a08455629b2-ffd4518c-bb7f9f41 [none]
[debug] [2024-06-04T03:44:51.370Z] <<< [apiv2][status] GET https://cloudfunctions.googleapis.com/v2/projects/clone-cc971/locations/us-central1/operations/operation-1717472685599-61a08455629b2-ffd4518c-bb7f9f41 200
[debug] [2024-06-04T03:44:51.372Z] <<< [apiv2][body] GET https://cloudfunctions.googleapis.com/v2/projects/clone-cc971/locations/us-central1/operations/operation-1717472685599-61a08455629b2-ffd4518c-bb7f9f41 {"name":"projects/clone-cc971/locations/us-central1/operations/operation-1717472685599-61a08455629b2-ffd4518c-bb7f9f41","metadata":{"@type":"type.googleapis.com/google.cloud.functions.v2.OperationMetadata","createTime":"2024-06-04T03:44:46.561790947Z","target":"projects/clone-cc971/locations/us-central1/functions/api","verb":"update","cancelRequested":false,"apiVersion":"v2","requestResource":{"@type":"type.googleapis.com/google.cloud.functions.v2.Function","name":"projects/clone-cc971/locations/us-central1/functions/api","buildConfig":{"runtime":"nodejs18","entryPoint":"api","source":{"storageSource":{"bucket":"gcf-v2-sources-679960200010-us-central1","object":"api/function-source.zip","generation":"1717472686508445"}},"environmentVariables":{"GOOGLE_NODE_RUN_SCRIPTS":""},"dockerRepository":"projects/clone-cc971/locations/us-central1/repositories/gcf-artifacts","sourceProvenance":{"resolvedStorageSource":{"bucket":"gcf-v2-sources-679960200010-us-central1","object":"api/function-source.zip","generation":"1717461668814992"}},"dockerRegistry":"ARTIFACT_REGISTRY"},"serviceConfig":{"service":"projects/clone-cc971/locations/us-central1/services/api","timeoutSeconds":60,"environmentVariables":{"STRIPE_KEY":"sk_test_51PL7v9EMgxnqkK6fy5HWe5NTuoxA5erl1AnnolKFtlzHiARVDTXe3Mw5ECai7RqNu6mvPXiEoxmNvaJybtzKBMOM00qvIfptyM","FIREBASE_CONFIG":"{\"projectId\":\"clone-cc971\",\"storageBucket\":\"clone-cc971.appspot.com\"}","GCLOUD_PROJECT":"clone-cc971","EVENTARC_CLOUD_EVENT_SOURCE":"projects/clone-cc971/locations/us-central1/services/api","FUNCTION_TARGET":"api"},"maxInstanceCount":10,"ingressSettings":"ALLOW_ALL","serviceAccountEmail":"679960200010-compute@developer.gserviceaccount.com","availableMemory":"256Mi","maxInstanceRequestConcurrency":80,"availableCpu":"1"},"state":"UNKNOWN","labels":{"firebase-functions-hash":"80c4d0f3c0f3489b3bf41531512225054c8cd847"},"stateMessages":[{"severity":"ERROR","type":"CloudRunServiceNotFound","message":"Cloud Run service projects/clone-cc971/locations/us-central1/services/api for the function was not found. The function will not work correctly. Please redeploy."}],"environment":"GEN_2","url":"https://us-central1-clone-cc971.cloudfunctions.net/api"},"stages":[{"name":"BUILD","message":"Build in progress","state":"IN_PROGRESS","resource":"projects/679960200010/locations/us-central1/builds/3b279676-340a-4963-9758-de4e435a0edd","resourceUri":"https://console.cloud.google.com/cloud-build/builds;region=us-central1/3b279676-340a-4963-9758-de4e435a0edd?project=679960200010"},{"name":"SERVICE","state":"NOT_STARTED"}],"operationType":"UPDATE_FUNCTION"},"done":false}
[debug] [2024-06-04T03:44:55.376Z] [update-default-us-central1-api] Retrying task index 0
[debug] [2024-06-04T03:44:55.378Z] >>> [apiv2][query] GET https://cloudfunctions.googleapis.com/v2/projects/clone-cc971/locations/us-central1/operations/operation-1717472685599-61a08455629b2-ffd4518c-bb7f9f41 [none]
[debug] [2024-06-04T03:44:55.559Z] <<< [apiv2][status] GET https://cloudfunctions.googleapis.com/v2/projects/clone-cc971/locations/us-central1/operations/operation-1717472685599-61a08455629b2-ffd4518c-bb7f9f41 200
[debug] [2024-06-04T03:44:55.559Z] <<< [apiv2][body] GET https://cloudfunctions.googleapis.com/v2/projects/clone-cc971/locations/us-central1/operations/operation-1717472685599-61a08455629b2-ffd4518c-bb7f9f41 {"name":"projects/clone-cc971/locations/us-central1/operations/operation-1717472685599-61a08455629b2-ffd4518c-bb7f9f41","metadata":{"@type":"type.googleapis.com/google.cloud.functions.v2.OperationMetadata","createTime":"2024-06-04T03:44:46.561790947Z","target":"projects/clone-cc971/locations/us-central1/functions/api","verb":"update","cancelRequested":false,"apiVersion":"v2","requestResource":{"@type":"type.googleapis.com/google.cloud.functions.v2.Function","name":"projects/clone-cc971/locations/us-central1/functions/api","buildConfig":{"runtime":"nodejs18","entryPoint":"api","source":{"storageSource":{"bucket":"gcf-v2-sources-679960200010-us-central1","object":"api/function-source.zip","generation":"1717472686508445"}},"environmentVariables":{"GOOGLE_NODE_RUN_SCRIPTS":""},"dockerRepository":"projects/clone-cc971/locations/us-central1/repositories/gcf-artifacts","sourceProvenance":{"resolvedStorageSource":{"bucket":"gcf-v2-sources-679960200010-us-central1","object":"api/function-source.zip","generation":"1717461668814992"}},"dockerRegistry":"ARTIFACT_REGISTRY"},"serviceConfig":{"service":"projects/clone-cc971/locations/us-central1/services/api","timeoutSeconds":60,"environmentVariables":{"STRIPE_KEY":"sk_test_51PL7v9EMgxnqkK6fy5HWe5NTuoxA5erl1AnnolKFtlzHiARVDTXe3Mw5ECai7RqNu6mvPXiEoxmNvaJybtzKBMOM00qvIfptyM","FIREBASE_CONFIG":"{\"projectId\":\"clone-cc971\",\"storageBucket\":\"clone-cc971.appspot.com\"}","GCLOUD_PROJECT":"clone-cc971","EVENTARC_CLOUD_EVENT_SOURCE":"projects/clone-cc971/locations/us-central1/services/api","FUNCTION_TARGET":"api"},"maxInstanceCount":10,"ingressSettings":"ALLOW_ALL","serviceAccountEmail":"679960200010-compute@developer.gserviceaccount.com","availableMemory":"256Mi","maxInstanceRequestConcurrency":80,"availableCpu":"1"},"state":"UNKNOWN","labels":{"firebase-functions-hash":"80c4d0f3c0f3489b3bf41531512225054c8cd847"},"stateMessages":[{"severity":"ERROR","type":"CloudRunServiceNotFound","message":"Cloud Run service projects/clone-cc971/locations/us-central1/services/api for the function was not found. The function will not work correctly. Please redeploy."}],"environment":"GEN_2","url":"https://us-central1-clone-cc971.cloudfunctions.net/api"},"stages":[{"name":"BUILD","message":"Build in progress","state":"IN_PROGRESS","resource":"projects/679960200010/locations/us-central1/builds/3b279676-340a-4963-9758-de4e435a0edd","resourceUri":"https://console.cloud.google.com/cloud-build/builds;region=us-central1/3b279676-340a-4963-9758-de4e435a0edd?project=679960200010"},{"name":"SERVICE","state":"NOT_STARTED"}],"operationType":"UPDATE_FUNCTION"},"done":false}
[debug] [2024-06-04T03:45:03.559Z] [update-default-us-central1-api] Retrying task index 0
[debug] [2024-06-04T03:45:03.561Z] >>> [apiv2][query] GET https://cloudfunctions.googleapis.com/v2/projects/clone-cc971/locations/us-central1/operations/operation-1717472685599-61a08455629b2-ffd4518c-bb7f9f41 [none]
[debug] [2024-06-04T03:45:03.917Z] <<< [apiv2][status] GET https://cloudfunctions.googleapis.com/v2/projects/clone-cc971/locations/us-central1/operations/operation-1717472685599-61a08455629b2-ffd4518c-bb7f9f41 200
[debug] [2024-06-04T03:45:03.918Z] <<< [apiv2][body] GET https://cloudfunctions.googleapis.com/v2/projects/clone-cc971/locations/us-central1/operations/operation-1717472685599-61a08455629b2-ffd4518c-bb7f9f41 {"name":"projects/clone-cc971/locations/us-central1/operations/operation-1717472685599-61a08455629b2-ffd4518c-bb7f9f41","metadata":{"@type":"type.googleapis.com/google.cloud.functions.v2.OperationMetadata","createTime":"2024-06-04T03:44:46.561790947Z","target":"projects/clone-cc971/locations/us-central1/functions/api","verb":"update","cancelRequested":false,"apiVersion":"v2","requestResource":{"@type":"type.googleapis.com/google.cloud.functions.v2.Function","name":"projects/clone-cc971/locations/us-central1/functions/api","buildConfig":{"runtime":"nodejs18","entryPoint":"api","source":{"storageSource":{"bucket":"gcf-v2-sources-679960200010-us-central1","object":"api/function-source.zip","generation":"1717472686508445"}},"environmentVariables":{"GOOGLE_NODE_RUN_SCRIPTS":""},"dockerRepository":"projects/clone-cc971/locations/us-central1/repositories/gcf-artifacts","sourceProvenance":{"resolvedStorageSource":{"bucket":"gcf-v2-sources-679960200010-us-central1","object":"api/function-source.zip","generation":"1717461668814992"}},"dockerRegistry":"ARTIFACT_REGISTRY"},"serviceConfig":{"service":"projects/clone-cc971/locations/us-central1/services/api","timeoutSeconds":60,"environmentVariables":{"STRIPE_KEY":"sk_test_51PL7v9EMgxnqkK6fy5HWe5NTuoxA5erl1AnnolKFtlzHiARVDTXe3Mw5ECai7RqNu6mvPXiEoxmNvaJybtzKBMOM00qvIfptyM","FIREBASE_CONFIG":"{\"projectId\":\"clone-cc971\",\"storageBucket\":\"clone-cc971.appspot.com\"}","GCLOUD_PROJECT":"clone-cc971","EVENTARC_CLOUD_EVENT_SOURCE":"projects/clone-cc971/locations/us-central1/services/api","FUNCTION_TARGET":"api"},"maxInstanceCount":10,"ingressSettings":"ALLOW_ALL","serviceAccountEmail":"679960200010-compute@developer.gserviceaccount.com","availableMemory":"256Mi","maxInstanceRequestConcurrency":80,"availableCpu":"1"},"state":"UNKNOWN","labels":{"firebase-functions-hash":"80c4d0f3c0f3489b3bf41531512225054c8cd847"},"stateMessages":[{"severity":"ERROR","type":"CloudRunServiceNotFound","message":"Cloud Run service projects/clone-cc971/locations/us-central1/services/api for the function was not found. The function will not work correctly. Please redeploy."}],"environment":"GEN_2","url":"https://us-central1-clone-cc971.cloudfunctions.net/api"},"stages":[{"name":"BUILD","message":"Build in progress","state":"IN_PROGRESS","resource":"projects/679960200010/locations/us-central1/builds/3b279676-340a-4963-9758-de4e435a0edd","resourceUri":"https://console.cloud.google.com/cloud-build/builds;region=us-central1/3b279676-340a-4963-9758-de4e435a0edd?project=679960200010"},{"name":"SERVICE","state":"NOT_STARTED"}],"operationType":"UPDATE_FUNCTION"},"done":false}
[debug] [2024-06-04T03:45:13.921Z] [update-default-us-central1-api] Retrying task index 0
[debug] [2024-06-04T03:45:13.923Z] >>> [apiv2][query] GET https://cloudfunctions.googleapis.com/v2/projects/clone-cc971/locations/us-central1/operations/operation-1717472685599-61a08455629b2-ffd4518c-bb7f9f41 [none]
[debug] [2024-06-04T03:45:14.238Z] <<< [apiv2][status] GET https://cloudfunctions.googleapis.com/v2/projects/clone-cc971/locations/us-central1/operations/operation-1717472685599-61a08455629b2-ffd4518c-bb7f9f41 200
[debug] [2024-06-04T03:45:14.239Z] <<< [apiv2][body] GET https://cloudfunctions.googleapis.com/v2/projects/clone-cc971/locations/us-central1/operations/operation-1717472685599-61a08455629b2-ffd4518c-bb7f9f41 {"name":"projects/clone-cc971/locations/us-central1/operations/operation-1717472685599-61a08455629b2-ffd4518c-bb7f9f41","metadata":{"@type":"type.googleapis.com/google.cloud.functions.v2.OperationMetadata","createTime":"2024-06-04T03:44:46.561790947Z","target":"projects/clone-cc971/locations/us-central1/functions/api","verb":"update","cancelRequested":false,"apiVersion":"v2","requestResource":{"@type":"type.googleapis.com/google.cloud.functions.v2.Function","name":"projects/clone-cc971/locations/us-central1/functions/api","buildConfig":{"runtime":"nodejs18","entryPoint":"api","source":{"storageSource":{"bucket":"gcf-v2-sources-679960200010-us-central1","object":"api/function-source.zip","generation":"1717472686508445"}},"environmentVariables":{"GOOGLE_NODE_RUN_SCRIPTS":""},"dockerRepository":"projects/clone-cc971/locations/us-central1/repositories/gcf-artifacts","sourceProvenance":{"resolvedStorageSource":{"bucket":"gcf-v2-sources-679960200010-us-central1","object":"api/function-source.zip","generation":"1717461668814992"}},"dockerRegistry":"ARTIFACT_REGISTRY"},"serviceConfig":{"service":"projects/clone-cc971/locations/us-central1/services/api","timeoutSeconds":60,"environmentVariables":{"STRIPE_KEY":"sk_test_51PL7v9EMgxnqkK6fy5HWe5NTuoxA5erl1AnnolKFtlzHiARVDTXe3Mw5ECai7RqNu6mvPXiEoxmNvaJybtzKBMOM00qvIfptyM","FIREBASE_CONFIG":"{\"projectId\":\"clone-cc971\",\"storageBucket\":\"clone-cc971.appspot.com\"}","GCLOUD_PROJECT":"clone-cc971","EVENTARC_CLOUD_EVENT_SOURCE":"projects/clone-cc971/locations/us-central1/services/api","FUNCTION_TARGET":"api"},"maxInstanceCount":10,"ingressSettings":"ALLOW_ALL","serviceAccountEmail":"679960200010-compute@developer.gserviceaccount.com","availableMemory":"256Mi","maxInstanceRequestConcurrency":80,"availableCpu":"1"},"state":"UNKNOWN","labels":{"firebase-functions-hash":"80c4d0f3c0f3489b3bf41531512225054c8cd847"},"stateMessages":[{"severity":"ERROR","type":"CloudRunServiceNotFound","message":"Cloud Run service projects/clone-cc971/locations/us-central1/services/api for the function was not found. The function will not work correctly. Please redeploy."}],"environment":"GEN_2","url":"https://us-central1-clone-cc971.cloudfunctions.net/api"},"stages":[{"name":"BUILD","message":"Build in progress","state":"IN_PROGRESS","resource":"projects/679960200010/locations/us-central1/builds/3b279676-340a-4963-9758-de4e435a0edd","resourceUri":"https://console.cloud.google.com/cloud-build/builds;region=us-central1/3b279676-340a-4963-9758-de4e435a0edd?project=679960200010"},{"name":"SERVICE","state":"NOT_STARTED"}],"operationType":"UPDATE_FUNCTION"},"done":false}
[debug] [2024-06-04T03:45:24.248Z] [update-default-us-central1-api] Retrying task index 0
[debug] [2024-06-04T03:45:24.249Z] >>> [apiv2][query] GET https://cloudfunctions.googleapis.com/v2/projects/clone-cc971/locations/us-central1/operations/operation-1717472685599-61a08455629b2-ffd4518c-bb7f9f41 [none]
[debug] [2024-06-04T03:45:24.503Z] <<< [apiv2][status] GET https://cloudfunctions.googleapis.com/v2/projects/clone-cc971/locations/us-central1/operations/operation-1717472685599-61a08455629b2-ffd4518c-bb7f9f41 200
[debug] [2024-06-04T03:45:24.503Z] <<< [apiv2][body] GET https://cloudfunctions.googleapis.com/v2/projects/clone-cc971/locations/us-central1/operations/operation-1717472685599-61a08455629b2-ffd4518c-bb7f9f41 {"name":"projects/clone-cc971/locations/us-central1/operations/operation-1717472685599-61a08455629b2-ffd4518c-bb7f9f41","metadata":{"@type":"type.googleapis.com/google.cloud.functions.v2.OperationMetadata","createTime":"2024-06-04T03:44:46.561790947Z","target":"projects/clone-cc971/locations/us-central1/functions/api","verb":"update","cancelRequested":false,"apiVersion":"v2","requestResource":{"@type":"type.googleapis.com/google.cloud.functions.v2.Function","name":"projects/clone-cc971/locations/us-central1/functions/api","buildConfig":{"runtime":"nodejs18","entryPoint":"api","source":{"storageSource":{"bucket":"gcf-v2-sources-679960200010-us-central1","object":"api/function-source.zip","generation":"1717472686508445"}},"environmentVariables":{"GOOGLE_NODE_RUN_SCRIPTS":""},"dockerRepository":"projects/clone-cc971/locations/us-central1/repositories/gcf-artifacts","sourceProvenance":{"resolvedStorageSource":{"bucket":"gcf-v2-sources-679960200010-us-central1","object":"api/function-source.zip","generation":"1717461668814992"}},"dockerRegistry":"ARTIFACT_REGISTRY"},"serviceConfig":{"service":"projects/clone-cc971/locations/us-central1/services/api","timeoutSeconds":60,"environmentVariables":{"STRIPE_KEY":"sk_test_51PL7v9EMgxnqkK6fy5HWe5NTuoxA5erl1AnnolKFtlzHiARVDTXe3Mw5ECai7RqNu6mvPXiEoxmNvaJybtzKBMOM00qvIfptyM","FIREBASE_CONFIG":"{\"projectId\":\"clone-cc971\",\"storageBucket\":\"clone-cc971.appspot.com\"}","GCLOUD_PROJECT":"clone-cc971","EVENTARC_CLOUD_EVENT_SOURCE":"projects/clone-cc971/locations/us-central1/services/api","FUNCTION_TARGET":"api"},"maxInstanceCount":10,"ingressSettings":"ALLOW_ALL","serviceAccountEmail":"679960200010-compute@developer.gserviceaccount.com","availableMemory":"256Mi","maxInstanceRequestConcurrency":80,"availableCpu":"1"},"state":"UNKNOWN","labels":{"firebase-functions-hash":"80c4d0f3c0f3489b3bf41531512225054c8cd847"},"stateMessages":[{"severity":"ERROR","type":"CloudRunServiceNotFound","message":"Cloud Run service projects/clone-cc971/locations/us-central1/services/api for the function was not found. The function will not work correctly. Please redeploy."}],"environment":"GEN_2","url":"https://us-central1-clone-cc971.cloudfunctions.net/api"},"stages":[{"name":"BUILD","message":"Build in progress","state":"IN_PROGRESS","resource":"projects/679960200010/locations/us-central1/builds/3b279676-340a-4963-9758-de4e435a0edd","resourceUri":"https://console.cloud.google.com/cloud-build/builds;region=us-central1/3b279676-340a-4963-9758-de4e435a0edd?project=679960200010"},{"name":"SERVICE","state":"NOT_STARTED"}],"operationType":"UPDATE_FUNCTION"},"done":false}
[debug] [2024-06-04T03:45:34.517Z] [update-default-us-central1-api] Retrying task index 0
[debug] [2024-06-04T03:45:34.521Z] >>> [apiv2][query] GET https://cloudfunctions.googleapis.com/v2/projects/clone-cc971/locations/us-central1/operations/operation-1717472685599-61a08455629b2-ffd4518c-bb7f9f41 [none]
[debug] [2024-06-04T03:45:34.857Z] <<< [apiv2][status] GET https://cloudfunctions.googleapis.com/v2/projects/clone-cc971/locations/us-central1/operations/operation-1717472685599-61a08455629b2-ffd4518c-bb7f9f41 200
[debug] [2024-06-04T03:45:34.857Z] <<< [apiv2][body] GET https://cloudfunctions.googleapis.com/v2/projects/clone-cc971/locations/us-central1/operations/operation-1717472685599-61a08455629b2-ffd4518c-bb7f9f41 {"name":"projects/clone-cc971/locations/us-central1/operations/operation-1717472685599-61a08455629b2-ffd4518c-bb7f9f41","metadata":{"@type":"type.googleapis.com/google.cloud.functions.v2.OperationMetadata","createTime":"2024-06-04T03:44:46.561790947Z","endTime":"2024-06-04T03:45:31.561168577Z","target":"projects/clone-cc971/locations/us-central1/functions/api","verb":"update","cancelRequested":false,"apiVersion":"v2","requestResource":{"@type":"type.googleapis.com/google.cloud.functions.v2.Function","name":"projects/clone-cc971/locations/us-central1/functions/api","buildConfig":{"runtime":"nodejs18","entryPoint":"api","source":{"storageSource":{"bucket":"gcf-v2-sources-679960200010-us-central1","object":"api/function-source.zip","generation":"1717472686508445"}},"environmentVariables":{"GOOGLE_NODE_RUN_SCRIPTS":""},"dockerRepository":"projects/clone-cc971/locations/us-central1/repositories/gcf-artifacts","sourceProvenance":{"resolvedStorageSource":{"bucket":"gcf-v2-sources-679960200010-us-central1","object":"api/function-source.zip","generation":"1717461668814992"}},"dockerRegistry":"ARTIFACT_REGISTRY"},"serviceConfig":{"service":"projects/clone-cc971/locations/us-central1/services/api","timeoutSeconds":60,"environmentVariables":{"STRIPE_KEY":"sk_test_51PL7v9EMgxnqkK6fy5HWe5NTuoxA5erl1AnnolKFtlzHiARVDTXe3Mw5ECai7RqNu6mvPXiEoxmNvaJybtzKBMOM00qvIfptyM","FIREBASE_CONFIG":"{\"projectId\":\"clone-cc971\",\"storageBucket\":\"clone-cc971.appspot.com\"}","GCLOUD_PROJECT":"clone-cc971","EVENTARC_CLOUD_EVENT_SOURCE":"projects/clone-cc971/locations/us-central1/services/api","FUNCTION_TARGET":"api"},"maxInstanceCount":10,"ingressSettings":"ALLOW_ALL","serviceAccountEmail":"679960200010-compute@developer.gserviceaccount.com","availableMemory":"256Mi","maxInstanceRequestConcurrency":80,"availableCpu":"1"},"state":"UNKNOWN","labels":{"firebase-functions-hash":"80c4d0f3c0f3489b3bf41531512225054c8cd847"},"stateMessages":[{"severity":"ERROR","type":"CloudRunServiceNotFound","message":"Cloud Run service projects/clone-cc971/locations/us-central1/services/api for the function was not found. The function will not work correctly. Please redeploy."}],"environment":"GEN_2","url":"https://us-central1-clone-cc971.cloudfunctions.net/api"},"stages":[{"name":"SERVICE","state":"NOT_STARTED"}],"operationType":"UPDATE_FUNCTION"},"done":true,"error":{"code":3,"message":"Build failed with status: FAILURE and message: npm ERR! code EUSAGE\nnpm ERR! \nnpm ERR! `npm ci` can only install packages when your package.json and package-lock.json or npm-shrinkwrap.json are in sync. Please update your lock file with `npm install` before continuing.\nnpm ERR! \nnpm ERR! Missing: jest@29.7.0 from lock file\nnpm ERR! Missing: @jest/core@29.7.0 from lock file\nnpm ERR! Missing: @jest/types@29.6.3 from lock file\nnpm ERR! Missing: import-local@3.1.0 from lock file\nnpm ERR! Missing: jest-cli@29.7.0 from lock file\nnpm ERR! Missing: @jest/console@29.7.0 from lock file\nnpm ERR! Missing: @jest/reporters@29.7.0 from lock file\nnpm ERR! Missing: @jest/test-result@29.7.0 from lock file\nnpm ERR! Missing: @jest/transform@29.7.0 from lock file\nnpm ERR! Missing: ansi-escapes@4.3.2 from lock file\nnpm ERR! Missing: chalk@4.1.2 from lock file\nnpm ERR! Missing: ci-info@3.9.0 from lock file\nnpm ERR! Missing: exit@0.1.2 from lock file\nnpm ERR! Missing: graceful-fs@4.2.11 from lock file\nnpm ERR! Missing: jest-changed-files@29.7.0 from lock file\nnpm ERR! Missing: jest-config@29.7.0 from lock file\nnpm ERR! Missing: jest-haste-map@29.7.0 from lock file\nnpm ERR! Missing: jest-message-util@29.7.0 from lock file\nnpm ERR! Missing: jest-regex-util@29.6.3 from lock file\nnpm ERR! Missing: jest-resolve@29.7.0 from lock file\nnpm ERR! Missing: jest-resolve-dependencies@29.7.0 from lock file\nnpm ERR! Missing: jest-runner@29.7.0 from lock file\nnpm ERR! Missing: jest-runtime@29.7.0 from lock file\nnpm ERR! Missing: jest-snapshot@29.7.0 from lock file\nnpm ERR! Missing: jest-util@29.7.0 from lock file\nnpm ERR! Missing: jest-validate@29.7.0 from lock file\nnpm ERR! Missing: jest-watcher@29.7.0 from lock file\nnpm ERR! Missing: micromatch@4.0.7 from lock file\nnpm ERR! Missing: pretty-format@29.7.0 from lock file\nnpm ERR! Missing: slash@3.0.0 from lock file\nnpm ERR! Missing: @bcoe/v8-coverage@0.2.3 from lock file\nnpm ERR! Missing: @jridgewell/trace-mapping@0.3.25 from lock file\nnpm ERR! Missing: collect-v8-coverage@1.0.2 from lock file\nnpm ERR! Missing: glob@7.2.3 from lock file\nnpm ERR! Missing: istanbul-lib-coverage@3.2.2 from lock file\nnpm ERR! Missing: istanbul-lib-instrument@6.0.2 from lock file\nnpm ERR! Missing: istanbul-lib-report@3.0.1 from lock file\nnpm ERR! Missing: istanbul-lib-source-maps@4.0.1 from lock file\nnpm ERR! Missing: istanbul-reports@3.1.7 from lock file\nnpm ERR! Missing: jest-worker@29.7.0 from lock file\nnpm ERR! Missing: string-length@4.0.2 from lock file\nnpm ERR! Missing: v8-to-istanbul@9.2.0 from lock file\nnpm ERR! Missing: @types/istanbul-lib-coverage@2.0.6 from lock file\nnpm ERR! Missing: @babel/core@7.24.6 from lock file\nnpm ERR! Missing: babel-plugin-istanbul@6.1.1 from lock file\nnpm ERR! Missing: convert-source-map@2.0.0 from lock file\nnpm ERR! Missing: fast-json-stable-stringify@2.1.0 from lock file\nnpm ERR! Missing: pirates@4.0.6 from lock file\nnpm ERR! Missing: write-file-atomic@4.0.2 from lock file\nnpm ERR! Missing: @ampproject/remapping@2.3.0 from lock file\nnpm ERR! Missing: @babel/code-frame@7.24.6 from lock file\nnpm ERR! Missing: @babel/generator@7.24.6 from lock file\nnpm ERR! Missing: @babel/helper-compilation-targets@7.24.6 from lock file\nnpm ERR! Missing: @babel/helper-module-transforms@7.24.6 from lock file\nnpm ERR! Missing: @babel/helpers@7.24.6 from lock file\nnpm ERR! Missing: @babel/parser@7.24.6 from lock file\nnpm ERR! Missing: @babel/template@7.24.6 from lock file\nnpm ERR! Missing: @babel/traverse@7.24.6 from lock file\nnpm ERR! Missing: @babel/types@7.24.6 from lock file\nnpm ERR! Missing: debug@4.3.5 from lock file\nnpm ERR! Missing: gensync@1.0.0-beta.2 from lock file\nnpm ERR! Missing: json5@2.2.3 from lock file\nnpm ERR! Missing: semver@6.3.1 from lock file\nnpm ERR! Missing: @jridgewell/gen-mapping@0.3.5 from lock file\nnpm ERR! Missing: @babel/highlight@7.24.6 from lock file\nnpm ERR! Missing: picocolors@1.0.1 from lock file\nnpm ERR! Missing: jsesc@2.5.2 from lock file\nnpm ERR! Missing: @babel/compat-data@7.24.6 from lock file\nnpm ERR! Missing: @babel/helper-validator-option@7.24.6 from lock file\nnpm ERR! Missing: browserslist@4.23.0 from lock file\nnpm ERR! Missing: lru-cache@5.1.1 from lock file\nnpm ERR! Missing: semver@6.3.1 from lock file\nnpm ERR! Missing: @babel/helper-environment-visitor@7.24.6 from lock file\nnpm ERR! Missing: @babel/helper-module-imports@7.24.6 from lock file\nnpm ERR! Missing: @babel/helper-simple-access@7.24.6 from lock file\nnpm ERR! Missing: @babel/helper-split-export-declaration@7.24.6 from lock file\nnpm ERR! Missing: @babel/helper-validator-identifier@7.24.6 from lock file\nnpm ERR! Missing: chalk@2.4.2 from lock file\nnpm ERR! Missing: js-tokens@4.0.0 from lock file\nnpm ERR! Missing: @babel/helper-function-name@7.24.6 from lock file\nnpm ERR! Missing: @babel/helper-hoist-variables@7.24.6 from lock file\nnpm ERR! Missing: debug@4.3.5 from lock file\nnpm ERR! Missing: globals@11.12.0 from lock file\nnpm ERR! Missing: @babel/helper-string-parser@7.24.6 from lock file\nnpm ERR! Missing: to-fast-properties@2.0.0 from lock file\nnpm ERR! Missing: @jest/schemas@29.6.3 from lock file\nnpm ERR! Missing: @types/istanbul-reports@3.0.4 from lock file\nnpm ERR! Missing: @types/yargs@17.0.32 from lock file\nnpm ERR! Missing: @sinclair/typebox@0.27.8 from lock file\nnpm ERR! Missing: @jridgewell/set-array@1.2.1 from lock file\nnpm ERR! Missing: @jridgewell/sourcemap-codec@1.4.15 from lock file\nnpm ERR! Missing: @jridgewell/resolve-uri@3.1.2 from lock file\nnpm ERR! Missing: @types/istanbul-lib-report@3.0.3 from lock file\nnpm ERR! Missing: @types/yargs-parser@21.0.3 from lock file\nnpm ERR! Missing: type-fest@0.21.3 from lock file\nnpm ERR! Missing: @babel/helper-plugin-utils@7.24.6 from lock file\nnpm ERR! Missing: @istanbuljs/load-nyc-config@1.1.0 from lock file\nnpm ERR! Missing: @istanbuljs/schema@0.1.3 from lock file\nnpm ERR! Missing: istanbul-lib-instrument@5.2.1 from lock file\nnpm ERR! Missing: test-exclude@6.0.0 from lock file\nnpm ERR! Missing: camelcase@5.3.1 from lock file\nnpm ERR! Missing: find-up@4.1.0 from lock file\nnpm ERR! Missing: get-package-type@0.1.0 from lock file\nnpm ERR! Missing: js-yaml@3.14.1 from lock file\nnpm ERR! Missing: resolve-from@5.0.0 from lock file\nnpm ERR! Missing: caniuse-lite@1.0.30001627 from lock file\nnpm ERR! Missing: electron-to-chromium@1.4.788 from lock file\nnpm ERR! Missing: node-releases@2.0.14 from lock file\nnpm ERR! Missing: update-browserslist-db@1.0.16 from lock file\nnpm ERR! Missing: supports-color@7.2.0 from lock file\nnpm ERR! Missing: locate-path@5.0.0 from lock file\nnpm ERR! Missing: path-exists@4.0.0 from lock file\nnpm ERR! Missing: fs.realpath@1.0.0 from lock file\nnpm ERR! Missing: inflight@1.0.6 from lock file\nnpm ERR! Missing: minimatch@3.1.2 from lock file\nnpm ERR! Missing: path-is-absolute@1.0.1 from lock file\nnpm ERR! Missing: pkg-dir@4.2.0 from lock file\nnpm ERR! Missing: resolve-cwd@3.0.0 from lock file\nnpm ERR! Missing: make-dir@4.0.0 from lock file\nnpm ERR! Missing: debug@4.3.5 from lock file\nnpm ERR! Missing: source-map@0.6.1 from lock file\nnpm ERR! Missing: html-escaper@2.0.2 from lock file\nnpm ERR! Missing: execa@5.1.1 from lock file\nnpm ERR! Missing: cross-spawn@7.0.3 from lock file\nnpm ERR! Missing: get-stream@6.0.1 from lock file\nnpm ERR! Missing: human-signals@2.1.0 from lock file\nnpm ERR! Missing: merge-stream@2.0.0 from lock file\nnpm ERR! Missing: npm-run-path@4.0.1 from lock file\nnpm ERR! Missing: onetime@5.1.2 from lock file\nnpm ERR! Missing: signal-exit@3.0.7 from lock file\nnpm ERR! Missing: strip-final-newline@2.0.0 from lock file\nnpm ERR! Missing: path-key@3.1.1 from lock file\nnpm ERR! Missing: shebang-command@2.0.0 from lock file\nnpm ERR! Missing: which@2.0.2 from lock file\nnpm ERR! Missing: create-jest@29.7.0 from lock file\nnpm ERR! Missing: prompts@2.4.2 from lock file\nnpm ERR! Missing: @jest/test-sequencer@29.7.0 from lock file\nnpm ERR! Missing: babel-jest@29.7.0 from lock file\nnpm ERR! Missing: deepmerge@4.3.1 from lock file\nnpm ERR! Missing: jest-circus@29.7.0 from lock file\nnpm ERR! Missing: jest-environment-node@29.7.0 from lock file\nnpm ERR! Missing: jest-get-type@29.6.3 from lock file\nnpm ERR! Missing: parse-json@5.2.0 from lock file\nnpm ERR! Missing: strip-json-comments@3.1.1 from lock file\nnpm ERR! Missing: @types/babel__core@7.20.5 from lock file\nnpm ERR! Missing: babel-preset-jest@29.6.3 from lock file\nnpm ERR! Missing: @types/babel__generator@7.6.8 from lock file\nnpm ERR! Missing: @types/babel__template@7.4.4 from lock file\nnpm ERR! Missing: @types/babel__traverse@7.20.6 from lock file\nnpm ERR! Missing: babel-plugin-jest-hoist@29.6.3 from lock file\nnpm ERR! Missing: babel-preset-current-node-syntax@1.0.1 from lock file\nnpm ERR! Missing: @babel/plugin-syntax-async-generators@7.8.4 from lock file\nnpm ERR! Missing: @babel/plugin-syntax-bigint@7.8.3 from lock file\nnpm ERR! Missing: @babel/plugin-syntax-class-properties@7.12.13 from lock file\nnpm ERR! Missing: @babel/plugin-syntax-import-meta@7.10.4 from lock file\nnpm ERR! Missing: @babel/plugin-syntax-json-strings@7.8.3 from lock file\nnpm ERR! Missing: @babel/plugin-syntax-logical-assignment-operators@7.10.4 from lock file\nnpm ERR! Missing: @babel/plugin-syntax-nullish-coalescing-operator@7.8.3 from lock file\nnpm ERR! Missing: @babel/plugin-syntax-numeric-separator@7.10.4 from lock file\nnpm ERR! Missing: @babel/plugin-syntax-object-rest-spread@7.8.3 from lock file\nnpm ERR! Missing: @babel/plugin-syntax-optional-catch-binding@7.8.3 from lock file\nnpm ERR! Missing: @babel/plugin-syntax-optional-chaining@7.8.3 from lock file\nnpm ERR! Missing: @babel/plugin-syntax-top-level-await@7.14.5 from lock file\nnpm ERR! Missing: @jest/environment@29.7.0 from lock file\nnpm ERR! Missing: @jest/expect@29.7.0 from lock file\nnpm ERR! Missing: co@4.6.0 from lock file\nnpm ERR! Missing: dedent@1.5.3 from lock file\nnpm ERR! Missing: is-generator-fn@2.1.0 from lock file\nnpm ERR! Missing: jest-each@29.7.0 from lock file\nnpm ERR! Missing: jest-matcher-utils@29.7.0 from lock file\nnpm ERR! Missing: pure-rand@6.1.0 from lock file\nnpm ERR! Missing: stack-utils@2.0.6 from lock file\nnpm ERR! Missing: @jest/fake-timers@29.7.0 from lock file\nnpm ERR! Missing: jest-mock@29.7.0 from lock file\nnpm ERR! Missing: expect@29.7.0 from lock file\nnpm ERR! Missing: @sinonjs/fake-timers@10.3.0 from lock file\nnpm ERR! Missing: @sinonjs/commons@3.0.1 from lock file\nnpm ERR! Missing: type-detect@4.0.8 from lock file\nnpm ERR! Missing: @jest/expect-utils@29.7.0 from lock file\nnpm ERR! Missing: @types/graceful-fs@4.1.9 from lock file\nnpm ERR! Missing: anymatch@3.1.3 from lock file\nnpm ERR! Missing: fb-watchman@2.0.2 from lock file\nnpm ERR! Missing: fsevents@2.3.3 from lock file\nnpm ERR! Missing: walker@1.0.8 from lock file\nnpm ERR! Missing: normalize-path@3.0.0 from lock file\nnpm ERR! Missing: picomatch@2.3.1 from lock file\nnpm ERR! Missing: bser@2.1.1 from lock file\nnpm ERR! Missing: node-int64@0.4.0 from lock file\nnpm ERR! Missing: jest-diff@29.7.0 from lock file\nnpm ERR! Missing: diff-sequences@29.6.3 from lock file\nnpm ERR! Missing: @types/stack-utils@2.0.3 from lock file\nnpm ERR! Missing: jest-pnp-resolver@1.2.3 from lock file\nnpm ERR! Missing: resolve@1.22.8 from lock file\nnpm ERR! Missing: resolve.exports@2.0.2 from lock file\nnpm ERR! Missing: emittery@0.13.1 from lock file\nnpm ERR! Missing: jest-docblock@29.7.0 from lock file\nnpm ERR! Missing: jest-leak-detector@29.7.0 from lock file\nnpm ERR! Missing: source-map-support@0.5.13 from lock file\nnpm ERR! Missing: detect-newline@3.1.0 from lock file\nnpm ERR! Missing: @jest/globals@29.7.0 from lock file\nnpm ERR! Missing: @jest/source-map@29.6.3 from lock file\nnpm ERR! Missing: cjs-module-lexer@1.3.1 from lock file\nnpm ERR! Missing: strip-bom@4.0.0 from lock file\nnpm ERR! Missing: callsites@3.1.0 from lock file\nnpm ERR! Missing: @babel/plugin-syntax-jsx@7.24.6 from lock file\nnpm ERR! Missing: @babel/plugin-syntax-typescript@7.24.6 from lock file\nnpm ERR! Missing: natural-compare@1.4.0 from lock file\nnpm ERR! Missing: camelcase@6.3.0 from lock file\nnpm ERR! Missing: leven@3.1.0 from lock file\nnpm ERR! Missing: supports-color@8.1.1 from lock file\nnpm ERR! Missing: argparse@1.0.10 from lock file\nnpm ERR! Missing: esprima@4.0.1 from lock file\nnpm ERR! Missing: sprintf-js@1.0.3 from lock file\nnpm ERR! Missing: p-locate@4.1.0 from lock file\nnpm ERR! Missing: braces@3.0.3 from lock file\nnpm ERR! Missing: fill-range@7.1.1 from lock file\nnpm ERR! Missing: to-regex-range@5.0.1 from lock file\nnpm ERR! Missing: brace-expansion@1.1.11 from lock file\nnpm ERR! Missing: balanced-match@1.0.2 from lock file\nnpm ERR! Missing: concat-map@0.0.1 from lock file\nnpm ERR! Missing: mimic-fn@2.1.0 from lock file\nnpm ERR! Missing: p-limit@2.3.0 from lock file\nnpm ERR! Missing: error-ex@1.3.2 from lock file\nnpm ERR! Missing: json-parse-even-better-errors@2.3.1 from lock file\nnpm ERR! Missing: lines-and-columns@1.2.4 from lock file\nnpm ERR! Missing: is-arrayish@0.2.1 from lock file\nnpm ERR! Missing: ansi-styles@5.2.0 from lock file\nnpm ERR! Missing: react-is@18.3.1 from lock file\nnpm ERR! Missing: kleur@3.0.3 from lock file\nnpm ERR! Missing: sisteransi@1.0.5 from lock file\nnpm ERR! Missing: is-core-module@2.13.1 from lock file\nnpm ERR! Missing: path-parse@1.0.7 from lock file\nnpm ERR! Missing: supports-preserve-symlinks-flag@1.0.0 from lock file\nnpm ERR! Missing: shebang-regex@3.0.0 from lock file\nnpm ERR! Missing: buffer-from@1.1.2 from lock file\nnpm ERR! Missing: escape-string-regexp@2.0.0 from lock file\nnpm ERR! Missing: char-regex@1.0.2 from lock file\nnpm ERR! Missing: has-flag@4.0.0 from lock file\nnpm ERR! Missing: is-number@7.0.0 from lock file\nnpm ERR! Missing: makeerror@1.0.12 from lock file\nnpm ERR! Missing: tmpl@1.0.5 from lock file\nnpm ERR! Missing: isexe@2.0.0 from lock file\nnpm ERR! Missing: imurmurhash@0.1.4 from lock file\nnpm ERR! Missing: ms@2.1.2 from lock file\nnpm ERR! Missing: yallist@3.1.1 from lock file\nnpm ERR! Missing: ansi-styles@3.2.1 from lock file\nnpm ERR! Missing: escape-string-regexp@1.0.5 from lock file\nnpm ERR! Missing: supports-color@5.5.0 from lock file\nnpm ERR! Missing: color-convert@1.9.3 from lock file\nnpm ERR! Missing: color-name@1.1.3 from lock file\nnpm ERR! Missing: has-flag@3.0.0 from lock file\nnpm ERR! Missing: ms@2.1.2 from lock file\nnpm ERR! Missing: semver@6.3.1 from lock file\nnpm ERR! Missing: ms@2.1.2 from lock file\nnpm ERR! Missing: p-try@2.2.0 from lock file\nnpm ERR! \nnpm ERR! Clean install a project\nnpm ERR! \nnpm ERR! Usage:\nnpm ERR! npm ci\nnpm ERR! \nnpm ERR! Options:\nnpm ERR! [--install-strategy <hoisted|nested|shallow|linked>] [--legacy-bundling]\nnpm ERR! [--global-style] [--omit <dev|optional|peer> [--omit <dev|optional|peer> ...]]\nnpm ERR! [--include <prod|dev|optional|peer> [--include <prod|dev|optional|peer> ...]]\nnpm ERR! [--strict-peer-deps] [--foreground-scripts] [--ignore-scripts] [--no-audit]\nnpm ERR! [--no-bin-links] [--no-fund] [--dry-run]\nnpm ERR! [-w|--workspace <workspace-name> [-w|--workspace <workspace-name> ...]]\nnpm ERR! [-ws|--workspaces] [--include-workspace-root] [--install-links]\nnpm ERR! \nnpm ERR! aliases: clean-install, ic, install-clean, isntall-clean\nnpm ERR! \nnpm ERR! Run \"npm help ci\" for more info\n\nnpm ERR! A complete log of this run can be found in: /www-data-home/.npm/_logs/2024-06-04T03_45_02_470Z-debug-0.log. For more details see the logs at https://console.cloud.google.com/cloud-build/builds;region=us-central1/3b279676-340a-4963-9758-de4e435a0edd?project=679960200010."}}
[debug] [2024-06-04T03:45:34.857Z] Got source token undefined for region us-central1
[error] Build failed with status: FAILURE and message: npm ERR! code EUSAGE
npm ERR! 
npm ERR! `npm ci` can only install packages when your package.json and package-lock.json or npm-shrinkwrap.json are in sync. Please update your lock file with `npm install` before continuing.
npm ERR! 
npm ERR! Missing: jest@29.7.0 from lock file
npm ERR! Missing: @jest/core@29.7.0 from lock file
npm ERR! Missing: @jest/types@29.6.3 from lock file
npm ERR! Missing: import-local@3.1.0 from lock file
npm ERR! Missing: jest-cli@29.7.0 from lock file
npm ERR! Missing: @jest/console@29.7.0 from lock file
npm ERR! Missing: @jest/reporters@29.7.0 from lock file
npm ERR! Missing: @jest/test-result@29.7.0 from lock file
npm ERR! Missing: @jest/transform@29.7.0 from lock file
npm ERR! Missing: ansi-escapes@4.3.2 from lock file
npm ERR! Missing: chalk@4.1.2 from lock file
npm ERR! Missing: ci-info@3.9.0 from lock file
npm ERR! Missing: exit@0.1.2 from lock file
npm ERR! Missing: graceful-fs@4.2.11 from lock file
npm ERR! Missing: jest-changed-files@29.7.0 from lock file
npm ERR! Missing: jest-config@29.7.0 from lock file
npm ERR! Missing: jest-haste-map@29.7.0 from lock file
npm ERR! Missing: jest-message-util@29.7.0 from lock file
npm ERR! Missing: jest-regex-util@29.6.3 from lock file
npm ERR! Missing: jest-resolve@29.7.0 from lock file
npm ERR! Missing: jest-resolve-dependencies@29.7.0 from lock file
npm ERR! Missing: jest-runner@29.7.0 from lock file
npm ERR! Missing: jest-runtime@29.7.0 from lock file
npm ERR! Missing: jest-snapshot@29.7.0 from lock file
npm ERR! Missing: jest-util@29.7.0 from lock file
npm ERR! Missing: jest-validate@29.7.0 from lock file
npm ERR! Missing: jest-watcher@29.7.0 from lock file
npm ERR! Missing: micromatch@4.0.7 from lock file
npm ERR! Missing: pretty-format@29.7.0 from lock file
npm ERR! Missing: slash@3.0.0 from lock file
npm ERR! Missing: @bcoe/v8-coverage@0.2.3 from lock file
npm ERR! Missing: @jridgewell/trace-mapping@0.3.25 from lock file
npm ERR! Missing: collect-v8-coverage@1.0.2 from lock file
npm ERR! Missing: glob@7.2.3 from lock file
npm ERR! Missing: istanbul-lib-coverage@3.2.2 from lock file
npm ERR! Missing: istanbul-lib-instrument@6.0.2 from lock file
npm ERR! Missing: istanbul-lib-report@3.0.1 from lock file
npm ERR! Missing: istanbul-lib-source-maps@4.0.1 from lock file
npm ERR! Missing: istanbul-reports@3.1.7 from lock file
npm ERR! Missing: jest-worker@29.7.0 from lock file
npm ERR! Missing: string-length@4.0.2 from lock file
npm ERR! Missing: v8-to-istanbul@9.2.0 from lock file
npm ERR! Missing: @types/istanbul-lib-coverage@2.0.6 from lock file
npm ERR! Missing: @babel/core@7.24.6 from lock file
npm ERR! Missing: babel-plugin-istanbul@6.1.1 from lock file
npm ERR! Missing: convert-source-map@2.0.0 from lock file
npm ERR! Missing: fast-json-stable-stringify@2.1.0 from lock file
npm ERR! Missing: pirates@4.0.6 from lock file
npm ERR! Missing: write-file-atomic@4.0.2 from lock file
npm ERR! Missing: @ampproject/remapping@2.3.0 from lock file
npm ERR! Missing: @babel/code-frame@7.24.6 from lock file
npm ERR! Missing: @babel/generator@7.24.6 from lock file
npm ERR! Missing: @babel/helper-compilation-targets@7.24.6 from lock file
npm ERR! Missing: @babel/helper-module-transforms@7.24.6 from lock file
npm ERR! Missing: @babel/helpers@7.24.6 from lock file
npm ERR! Missing: @babel/parser@7.24.6 from lock file
npm ERR! Missing: @babel/template@7.24.6 from lock file
npm ERR! Missing: @babel/traverse@7.24.6 from lock file
npm ERR! Missing: @babel/types@7.24.6 from lock file
npm ERR! Missing: debug@4.3.5 from lock file
npm ERR! Missing: gensync@1.0.0-beta.2 from lock file
npm ERR! Missing: json5@2.2.3 from lock file
npm ERR! Missing: semver@6.3.1 from lock file
npm ERR! Missing: @jridgewell/gen-mapping@0.3.5 from lock file
npm ERR! Missing: @babel/highlight@7.24.6 from lock file
npm ERR! Missing: picocolors@1.0.1 from lock file
npm ERR! Missing: jsesc@2.5.2 from lock file
npm ERR! Missing: @babel/compat-data@7.24.6 from lock file
npm ERR! Missing: @babel/helper-validator-option@7.24.6 from lock file
npm ERR! Missing: browserslist@4.23.0 from lock file
npm ERR! Missing: lru-cache@5.1.1 from lock file
npm ERR! Missing: semver@6.3.1 from lock file
npm ERR! Missing: @babel/helper-environment-visitor@7.24.6 from lock file
npm ERR! Missing: @babel/helper-module-imports@7.24.6 from lock file
npm ERR! Missing: @babel/helper-simple-access@7.24.6 from lock file
npm ERR! Missing: @babel/helper-split-export-declaration@7.24.6 from lock file
npm ERR! Missing: @babel/helper-validator-identifier@7.24.6 from lock file
npm ERR! Missing: chalk@2.4.2 from lock file
npm ERR! Missing: js-tokens@4.0.0 from lock file
npm ERR! Missing: @babel/helper-function-name@7.24.6 from lock file
npm ERR! Missing: @babel/helper-hoist-variables@7.24.6 from lock file
npm ERR! Missing: debug@4.3.5 from lock file
npm ERR! Missing: globals@11.12.0 from lock file
npm ERR! Missing: @babel/helper-string-parser@7.24.6 from lock file
npm ERR! Missing: to-fast-properties@2.0.0 from lock file
npm ERR! Missing: @jest/schemas@29.6.3 from lock file
npm ERR! Missing: @types/istanbul-reports@3.0.4 from lock file
npm ERR! Missing: @types/yargs@17.0.32 from lock file
npm ERR! Missing: @sinclair/typebox@0.27.8 from lock file
npm ERR! Missing: @jridgewell/set-array@1.2.1 from lock file
npm ERR! Missing: @jridgewell/sourcemap-codec@1.4.15 from lock file
npm ERR! Missing: @jridgewell/resolve-uri@3.1.2 from lock file
npm ERR! Missing: @types/istanbul-lib-report@3.0.3 from lock file
npm ERR! Missing: @types/yargs-parser@21.0.3 from lock file
npm ERR! Missing: type-fest@0.21.3 from lock file
npm ERR! Missing: @babel/helper-plugin-utils@7.24.6 from lock file
npm ERR! Missing: @istanbuljs/load-nyc-config@1.1.0 from lock file
npm ERR! Missing: @istanbuljs/schema@0.1.3 from lock file
npm ERR! Missing: istanbul-lib-instrument@5.2.1 from lock file
npm ERR! Missing: test-exclude@6.0.0 from lock file
npm ERR! Missing: camelcase@5.3.1 from lock file
npm ERR! Missing: find-up@4.1.0 from lock file
npm ERR! Missing: get-package-type@0.1.0 from lock file
npm ERR! Missing: js-yaml@3.14.1 from lock file
npm ERR! Missing: resolve-from@5.0.0 from lock file
npm ERR! Missing: caniuse-lite@1.0.30001627 from lock file
npm ERR! Missing: electron-to-chromium@1.4.788 from lock file
npm ERR! Missing: node-releases@2.0.14 from lock file
npm ERR! Missing: update-browserslist-db@1.0.16 from lock file
npm ERR! Missing: supports-color@7.2.0 from lock file
npm ERR! Missing: locate-path@5.0.0 from lock file
npm ERR! Missing: path-exists@4.0.0 from lock file
npm ERR! Missing: fs.realpath@1.0.0 from lock file
npm ERR! Missing: inflight@1.0.6 from lock file
npm ERR! Missing: minimatch@3.1.2 from lock file
npm ERR! Missing: path-is-absolute@1.0.1 from lock file
npm ERR! Missing: pkg-dir@4.2.0 from lock file
npm ERR! Missing: resolve-cwd@3.0.0 from lock file
npm ERR! Missing: make-dir@4.0.0 from lock file
npm ERR! Missing: debug@4.3.5 from lock file
npm ERR! Missing: source-map@0.6.1 from lock file
npm ERR! Missing: html-escaper@2.0.2 from lock file
npm ERR! Missing: execa@5.1.1 from lock file
npm ERR! Missing: cross-spawn@7.0.3 from lock file
npm ERR! Missing: get-stream@6.0.1 from lock file
npm ERR! Missing: human-signals@2.1.0 from lock file
npm ERR! Missing: merge-stream@2.0.0 from lock file
npm ERR! Missing: npm-run-path@4.0.1 from lock file
npm ERR! Missing: onetime@5.1.2 from lock file
npm ERR! Missing: signal-exit@3.0.7 from lock file
npm ERR! Missing: strip-final-newline@2.0.0 from lock file
npm ERR! Missing: path-key@3.1.1 from lock file
npm ERR! Missing: shebang-command@2.0.0 from lock file
npm ERR! Missing: which@2.0.2 from lock file
npm ERR! Missing: create-jest@29.7.0 from lock file
npm ERR! Missing: prompts@2.4.2 from lock file
npm ERR! Missing: @jest/test-sequencer@29.7.0 from lock file
npm ERR! Missing: babel-jest@29.7.0 from lock file
npm ERR! Missing: deepmerge@4.3.1 from lock file
npm ERR! Missing: jest-circus@29.7.0 from lock file
npm ERR! Missing: jest-environment-node@29.7.0 from lock file
npm ERR! Missing: jest-get-type@29.6.3 from lock file
npm ERR! Missing: parse-json@5.2.0 from lock file
npm ERR! Missing: strip-json-comments@3.1.1 from lock file
npm ERR! Missing: @types/babel__core@7.20.5 from lock file
npm ERR! Missing: babel-preset-jest@29.6.3 from lock file
npm ERR! Missing: @types/babel__generator@7.6.8 from lock file
npm ERR! Missing: @types/babel__template@7.4.4 from lock file
npm ERR! Missing: @types/babel__traverse@7.20.6 from lock file
npm ERR! Missing: babel-plugin-jest-hoist@29.6.3 from lock file
npm ERR! Missing: babel-preset-current-node-syntax@1.0.1 from lock file
npm ERR! Missing: @babel/plugin-syntax-async-generators@7.8.4 from lock file
npm ERR! Missing: @babel/plugin-syntax-bigint@7.8.3 from lock file
npm ERR! Missing: @babel/plugin-syntax-class-properties@7.12.13 from lock file
npm ERR! Missing: @babel/plugin-syntax-import-meta@7.10.4 from lock file
npm ERR! Missing: @babel/plugin-syntax-json-strings@7.8.3 from lock file
npm ERR! Missing: @babel/plugin-syntax-logical-assignment-operators@7.10.4 from lock file
npm ERR! Missing: @babel/plugin-syntax-nullish-coalescing-operator@7.8.3 from lock file
npm ERR! Missing: @babel/plugin-syntax-numeric-separator@7.10.4 from lock file
npm ERR! Missing: @babel/plugin-syntax-object-rest-spread@7.8.3 from lock file
npm ERR! Missing: @babel/plugin-syntax-optional-catch-binding@7.8.3 from lock file
npm ERR! Missing: @babel/plugin-syntax-optional-chaining@7.8.3 from lock file
npm ERR! Missing: @babel/plugin-syntax-top-level-await@7.14.5 from lock file
npm ERR! Missing: @jest/environment@29.7.0 from lock file
npm ERR! Missing: @jest/expect@29.7.0 from lock file
npm ERR! Missing: co@4.6.0 from lock file
npm ERR! Missing: dedent@1.5.3 from lock file
npm ERR! Missing: is-generator-fn@2.1.0 from lock file
npm ERR! Missing: jest-each@29.7.0 from lock file
npm ERR! Missing: jest-matcher-utils@29.7.0 from lock file
npm ERR! Missing: pure-rand@6.1.0 from lock file
npm ERR! Missing: stack-utils@2.0.6 from lock file
npm ERR! Missing: @jest/fake-timers@29.7.0 from lock file
npm ERR! Missing: jest-mock@29.7.0 from lock file
npm ERR! Missing: expect@29.7.0 from lock file
npm ERR! Missing: @sinonjs/fake-timers@10.3.0 from lock file
npm ERR! Missing: @sinonjs/commons@3.0.1 from lock file
npm ERR! Missing: type-detect@4.0.8 from lock file
npm ERR! Missing: @jest/expect-utils@29.7.0 from lock file
npm ERR! Missing: @types/graceful-fs@4.1.9 from lock file
npm ERR! Missing: anymatch@3.1.3 from lock file
npm ERR! Missing: fb-watchman@2.0.2 from lock file
npm ERR! Missing: fsevents@2.3.3 from lock file
npm ERR! Missing: walker@1.0.8 from lock file
npm ERR! Missing: normalize-path@3.0.0 from lock file
npm ERR! Missing: picomatch@2.3.1 from lock file
npm ERR! Missing: bser@2.1.1 from lock file
npm ERR! Missing: node-int64@0.4.0 from lock file
npm ERR! Missing: jest-diff@29.7.0 from lock file
npm ERR! Missing: diff-sequences@29.6.3 from lock file
npm ERR! Missing: @types/stack-utils@2.0.3 from lock file
npm ERR! Missing: jest-pnp-resolver@1.2.3 from lock file
npm ERR! Missing: resolve@1.22.8 from lock file
npm ERR! Missing: resolve.exports@2.0.2 from lock file
npm ERR! Missing: emittery@0.13.1 from lock file
npm ERR! Missing: jest-docblock@29.7.0 from lock file
npm ERR! Missing: jest-leak-detector@29.7.0 from lock file
npm ERR! Missing: source-map-support@0.5.13 from lock file
npm ERR! Missing: detect-newline@3.1.0 from lock file
npm ERR! Missing: @jest/globals@29.7.0 from lock file
npm ERR! Missing: @jest/source-map@29.6.3 from lock file
npm ERR! Missing: cjs-module-lexer@1.3.1 from lock file
npm ERR! Missing: strip-bom@4.0.0 from lock file
npm ERR! Missing: callsites@3.1.0 from lock file
npm ERR! Missing: @babel/plugin-syntax-jsx@7.24.6 from lock file
npm ERR! Missing: @babel/plugin-syntax-typescript@7.24.6 from lock file
npm ERR! Missing: natural-compare@1.4.0 from lock file
npm ERR! Missing: camelcase@6.3.0 from lock file
npm ERR! Missing: leven@3.1.0 from lock file
npm ERR! Missing: supports-color@8.1.1 from lock file
npm ERR! Missing: argparse@1.0.10 from lock file
npm ERR! Missing: esprima@4.0.1 from lock file
npm ERR! Missing: sprintf-js@1.0.3 from lock file
npm ERR! Missing: p-locate@4.1.0 from lock file
npm ERR! Missing: braces@3.0.3 from lock file
npm ERR! Missing: fill-range@7.1.1 from lock file
npm ERR! Missing: to-regex-range@5.0.1 from lock file
npm ERR! Missing: brace-expansion@1.1.11 from lock file
npm ERR! Missing: balanced-match@1.0.2 from lock file
npm ERR! Missing: concat-map@0.0.1 from lock file
npm ERR! Missing: mimic-fn@2.1.0 from lock file
npm ERR! Missing: p-limit@2.3.0 from lock file
npm ERR! Missing: error-ex@1.3.2 from lock file
npm ERR! Missing: json-parse-even-better-errors@2.3.1 from lock file
npm ERR! Missing: lines-and-columns@1.2.4 from lock file
npm ERR! Missing: is-arrayish@0.2.1 from lock file
npm ERR! Missing: ansi-styles@5.2.0 from lock file
npm ERR! Missing: react-is@18.3.1 from lock file
npm ERR! Missing: kleur@3.0.3 from lock file
npm ERR! Missing: sisteransi@1.0.5 from lock file
npm ERR! Missing: is-core-module@2.13.1 from lock file
npm ERR! Missing: path-parse@1.0.7 from lock file
npm ERR! Missing: supports-preserve-symlinks-flag@1.0.0 from lock file
npm ERR! Missing: shebang-regex@3.0.0 from lock file
npm ERR! Missing: buffer-from@1.1.2 from lock file
npm ERR! Missing: escape-string-regexp@2.0.0 from lock file
npm ERR! Missing: char-regex@1.0.2 from lock file
npm ERR! Missing: has-flag@4.0.0 from lock file
npm ERR! Missing: is-number@7.0.0 from lock file
npm ERR! Missing: makeerror@1.0.12 from lock file
npm ERR! Missing: tmpl@1.0.5 from lock file
npm ERR! Missing: isexe@2.0.0 from lock file
npm ERR! Missing: imurmurhash@0.1.4 from lock file
npm ERR! Missing: ms@2.1.2 from lock file
npm ERR! Missing: yallist@3.1.1 from lock file
npm ERR! Missing: ansi-styles@3.2.1 from lock file
npm ERR! Missing: escape-string-regexp@1.0.5 from lock file
npm ERR! Missing: supports-color@5.5.0 from lock file
npm ERR! Missing: color-convert@1.9.3 from lock file
npm ERR! Missing: color-name@1.1.3 from lock file
npm ERR! Missing: has-flag@3.0.0 from lock file
npm ERR! Missing: ms@2.1.2 from lock file
npm ERR! Missing: semver@6.3.1 from lock file
npm ERR! Missing: ms@2.1.2 from lock file
npm ERR! Missing: p-try@2.2.0 from lock file
npm ERR! 
npm ERR! Clean install a project
npm ERR! 
npm ERR! Usage:
npm ERR! npm ci
npm ERR! 
npm ERR! Options:
npm ERR! [--install-strategy <hoisted|nested|shallow|linked>] [--legacy-bundling]
npm ERR! [--global-style] [--omit <dev|optional|peer> [--omit <dev|optional|peer> ...]]
npm ERR! [--include <prod|dev|optional|peer> [--include <prod|dev|optional|peer> ...]]
npm ERR! [--strict-peer-deps] [--foreground-scripts] [--ignore-scripts] [--no-audit]
npm ERR! [--no-bin-links] [--no-fund] [--dry-run]
npm ERR! [-w|--workspace <workspace-name> [-w|--workspace <workspace-name> ...]]
npm ERR! [-ws|--workspaces] [--include-workspace-root] [--install-links]
npm ERR! 
npm ERR! aliases: clean-install, ic, install-clean, isntall-clean
npm ERR! 
npm ERR! Run "npm help ci" for more info

npm ERR! A complete log of this run can be found in: /www-data-home/.npm/_logs/2024-06-04T03_45_02_470Z-debug-0.log. For more details see the logs at https://console.cloud.google.com/cloud-build/builds;region=us-central1/3b279676-340a-4963-9758-de4e435a0edd?project=679960200010.
[debug] [2024-06-04T03:45:34.911Z] Total Function Deployment time: 48829
[debug] [2024-06-04T03:45:34.911Z] 1 Functions Deployed
[debug] [2024-06-04T03:45:34.913Z] 1 Functions Errored
[debug] [2024-06-04T03:45:34.914Z] 0 Function Deployments Aborted
[debug] [2024-06-04T03:45:34.914Z] Average Function Deployment time: 48828
[info] 
[info] Functions deploy had errors with the following functions:
	api(us-central1)
[debug] [2024-06-04T03:45:35.151Z] Not printing URL for HTTPS function. Typically this means it didn't match a filter or we failed deployment
[info] i  functions: cleaning up build files... 
[debug] [2024-06-04T03:45:35.153Z] >>> [apiv2][query] DELETE https://artifactregistry.googleapis.com/v1beta2/projects/clone-cc971/locations/us-central1/repositories/gcf-artifacts/packages/api [none]
[debug] [2024-06-04T03:45:35.154Z] >>> [apiv2][query] GET https://us.gcr.io/v2/clone-cc971/gcf/us-central1/tags/list [none]
[debug] [2024-06-04T03:45:35.575Z] <<< [apiv2][status] DELETE https://artifactregistry.googleapis.com/v1beta2/projects/clone-cc971/locations/us-central1/repositories/gcf-artifacts/packages/api 404
[debug] [2024-06-04T03:45:35.575Z] <<< [apiv2][body] DELETE https://artifactregistry.googleapis.com/v1beta2/projects/clone-cc971/locations/us-central1/repositories/gcf-artifacts/packages/api {"error":{"code":404,"message":"Package \"projects/clone-cc971/locations/us-central1/repositories/gcf-artifacts/packages/api\" was not found.","status":"NOT_FOUND"}}
[debug] [2024-06-04T03:45:35.741Z] <<< [apiv2][status] GET https://us.gcr.io/v2/clone-cc971/gcf/us-central1/tags/list 404
[debug] [2024-06-04T03:45:35.741Z] <<< [apiv2][body] GET https://us.gcr.io/v2/clone-cc971/gcf/us-central1/tags/list {"errors":[{"code":"NAME_UNKNOWN","message":"Repository \"us.gcr.io\" not found"}]}
[debug] [2024-06-04T03:45:35.742Z] Failed docker command with error  HTTP Error: 404, Not Found {"name":"FirebaseError","children":[],"context":{"body":{"errors":[{"code":"NAME_UNKNOWN","message":"Repository \"us.gcr.io\" not found"}],"error":{"message":"Not Found"}},"response":{"statusCode":404}},"exit":1,"message":"HTTP Error: 404, Not Found","status":404}
[debug] [2024-06-04T03:45:35.743Z] >>> [apiv2][query] GET https://us.gcr.io/v2/clone-cc971/gcf/us-central1/tags/list [none]
[debug] [2024-06-04T03:45:35.862Z] <<< [apiv2][status] GET https://us.gcr.io/v2/clone-cc971/gcf/us-central1/tags/list 404
[debug] [2024-06-04T03:45:35.862Z] <<< [apiv2][body] GET https://us.gcr.io/v2/clone-cc971/gcf/us-central1/tags/list {"errors":[{"code":"NAME_UNKNOWN","message":"Repository \"us.gcr.io\" not found"}]}
[debug] [2024-06-04T03:45:35.863Z] Failed docker command with error  HTTP Error: 404, Not Found {"name":"FirebaseError","children":[],"context":{"body":{"errors":[{"code":"NAME_UNKNOWN","message":"Repository \"us.gcr.io\" not found"}],"error":{"message":"Not Found"}},"response":{"statusCode":404}},"exit":1,"message":"HTTP Error: 404, Not Found","status":404}
[debug] [2024-06-04T03:45:35.977Z] >>> [apiv2][query] GET https://us.gcr.io/v2/clone-cc971/gcf/us-central1/tags/list [none]
[debug] [2024-06-04T03:45:36.097Z] <<< [apiv2][status] GET https://us.gcr.io/v2/clone-cc971/gcf/us-central1/tags/list 404
[debug] [2024-06-04T03:45:36.097Z] <<< [apiv2][body] GET https://us.gcr.io/v2/clone-cc971/gcf/us-central1/tags/list {"errors":[{"code":"NAME_UNKNOWN","message":"Repository \"us.gcr.io\" not found"}]}
[debug] [2024-06-04T03:45:36.097Z] Failed docker command with error  HTTP Error: 404, Not Found {"name":"FirebaseError","children":[],"context":{"body":{"errors":[{"code":"NAME_UNKNOWN","message":"Repository \"us.gcr.io\" not found"}],"error":{"message":"Not Found"}},"response":{"statusCode":404}},"exit":1,"message":"HTTP Error: 404, Not Found","status":404}
[warn] !  functions: Unhandled error cleaning up build images. This could result in a small monthly bill if not corrected. You can attempt to delete these images by redeploying or you can delete them manually at https://console.cloud.google.com/gcr/images/clone-cc971/us/gcf 
[debug] [2024-06-04T03:45:36.099Z] Functions deploy failed.
[debug] [2024-06-04T03:45:36.099Z] {
  "endpoint": {
    "id": "api",
    "project": "clone-cc971",
    "region": "us-central1",
    "entryPoint": "api",
    "platform": "gcfv2",
    "runtime": "nodejs18",
    "httpsTrigger": {},
    "labels": {
      "deployment-tool": "cli-firebase"
    },
    "ingressSettings": null,
    "availableMemoryMb": null,
    "serviceAccount": null,
    "timeoutSeconds": null,
    "maxInstances": 10,
    "minInstances": null,
    "concurrency": 80,
    "vpc": null,
    "environmentVariables": {
      "STRIPE_KEY": "sk_test_51PL7v9EMgxnqkK6fy5HWe5NTuoxA5erl1AnnolKFtlzHiARVDTXe3Mw5ECai7RqNu6mvPXiEoxmNvaJybtzKBMOM00qvIfptyM",
      "FIREBASE_CONFIG": "{\"projectId\":\"clone-cc971\",\"storageBucket\":\"clone-cc971.appspot.com\"}",
      "GCLOUD_PROJECT": "clone-cc971",
      "EVENTARC_CLOUD_EVENT_SOURCE": "projects/clone-cc971/locations/us-central1/services/api"
    },
    "codebase": "default",
    "securityLevel": "SECURE_ALWAYS",
    "cpu": 1,
    "targetedByOnly": false,
    "hash": "80c4d0f3c0f3489b3bf41531512225054c8cd847"
  },
  "op": "update",
  "original": {
    "name": "FirebaseError",
    "children": [],
    "exit": 1,
    "message": "Build failed with status: FAILURE and message: npm ERR! code EUSAGE\nnpm ERR! \nnpm ERR! `npm ci` can only install packages when your package.json and package-lock.json or npm-shrinkwrap.json are in sync. Please update your lock file with `npm install` before continuing.\nnpm ERR! \nnpm ERR! Missing: jest@29.7.0 from lock file\nnpm ERR! Missing: @jest/core@29.7.0 from lock file\nnpm ERR! Missing: @jest/types@29.6.3 from lock file\nnpm ERR! Missing: import-local@3.1.0 from lock file\nnpm ERR! Missing: jest-cli@29.7.0 from lock file\nnpm ERR! Missing: @jest/console@29.7.0 from lock file\nnpm ERR! Missing: @jest/reporters@29.7.0 from lock file\nnpm ERR! Missing: @jest/test-result@29.7.0 from lock file\nnpm ERR! Missing: @jest/transform@29.7.0 from lock file\nnpm ERR! Missing: ansi-escapes@4.3.2 from lock file\nnpm ERR! Missing: chalk@4.1.2 from lock file\nnpm ERR! Missing: ci-info@3.9.0 from lock file\nnpm ERR! Missing: exit@0.1.2 from lock file\nnpm ERR! Missing: graceful-fs@4.2.11 from lock file\nnpm ERR! Missing: jest-changed-files@29.7.0 from lock file\nnpm ERR! Missing: jest-config@29.7.0 from lock file\nnpm ERR! Missing: jest-haste-map@29.7.0 from lock file\nnpm ERR! Missing: jest-message-util@29.7.0 from lock file\nnpm ERR! Missing: jest-regex-util@29.6.3 from lock file\nnpm ERR! Missing: jest-resolve@29.7.0 from lock file\nnpm ERR! Missing: jest-resolve-dependencies@29.7.0 from lock file\nnpm ERR! Missing: jest-runner@29.7.0 from lock file\nnpm ERR! Missing: jest-runtime@29.7.0 from lock file\nnpm ERR! Missing: jest-snapshot@29.7.0 from lock file\nnpm ERR! Missing: jest-util@29.7.0 from lock file\nnpm ERR! Missing: jest-validate@29.7.0 from lock file\nnpm ERR! Missing: jest-watcher@29.7.0 from lock file\nnpm ERR! Missing: micromatch@4.0.7 from lock file\nnpm ERR! Missing: pretty-format@29.7.0 from lock file\nnpm ERR! Missing: slash@3.0.0 from lock file\nnpm ERR! Missing: @bcoe/v8-coverage@0.2.3 from lock file\nnpm ERR! Missing: @jridgewell/trace-mapping@0.3.25 from lock file\nnpm ERR! Missing: collect-v8-coverage@1.0.2 from lock file\nnpm ERR! Missing: glob@7.2.3 from lock file\nnpm ERR! Missing: istanbul-lib-coverage@3.2.2 from lock file\nnpm ERR! Missing: istanbul-lib-instrument@6.0.2 from lock file\nnpm ERR! Missing: istanbul-lib-report@3.0.1 from lock file\nnpm ERR! Missing: istanbul-lib-source-maps@4.0.1 from lock file\nnpm ERR! Missing: istanbul-reports@3.1.7 from lock file\nnpm ERR! Missing: jest-worker@29.7.0 from lock file\nnpm ERR! Missing: string-length@4.0.2 from lock file\nnpm ERR! Missing: v8-to-istanbul@9.2.0 from lock file\nnpm ERR! Missing: @types/istanbul-lib-coverage@2.0.6 from lock file\nnpm ERR! Missing: @babel/core@7.24.6 from lock file\nnpm ERR! Missing: babel-plugin-istanbul@6.1.1 from lock file\nnpm ERR! Missing: convert-source-map@2.0.0 from lock file\nnpm ERR! Missing: fast-json-stable-stringify@2.1.0 from lock file\nnpm ERR! Missing: pirates@4.0.6 from lock file\nnpm ERR! Missing: write-file-atomic@4.0.2 from lock file\nnpm ERR! Missing: @ampproject/remapping@2.3.0 from lock file\nnpm ERR! Missing: @babel/code-frame@7.24.6 from lock file\nnpm ERR! Missing: @babel/generator@7.24.6 from lock file\nnpm ERR! Missing: @babel/helper-compilation-targets@7.24.6 from lock file\nnpm ERR! Missing: @babel/helper-module-transforms@7.24.6 from lock file\nnpm ERR! Missing: @babel/helpers@7.24.6 from lock file\nnpm ERR! Missing: @babel/parser@7.24.6 from lock file\nnpm ERR! Missing: @babel/template@7.24.6 from lock file\nnpm ERR! Missing: @babel/traverse@7.24.6 from lock file\nnpm ERR! Missing: @babel/types@7.24.6 from lock file\nnpm ERR! Missing: debug@4.3.5 from lock file\nnpm ERR! Missing: gensync@1.0.0-beta.2 from lock file\nnpm ERR! Missing: json5@2.2.3 from lock file\nnpm ERR! Missing: semver@6.3.1 from lock file\nnpm ERR! Missing: @jridgewell/gen-mapping@0.3.5 from lock file\nnpm ERR! Missing: @babel/highlight@7.24.6 from lock file\nnpm ERR! Missing: picocolors@1.0.1 from lock file\nnpm ERR! Missing: jsesc@2.5.2 from lock file\nnpm ERR! Missing: @babel/compat-data@7.24.6 from lock file\nnpm ERR! Missing: @babel/helper-validator-option@7.24.6 from lock file\nnpm ERR! Missing: browserslist@4.23.0 from lock file\nnpm ERR! Missing: lru-cache@5.1.1 from lock file\nnpm ERR! Missing: semver@6.3.1 from lock file\nnpm ERR! Missing: @babel/helper-environment-visitor@7.24.6 from lock file\nnpm ERR! Missing: @babel/helper-module-imports@7.24.6 from lock file\nnpm ERR! Missing: @babel/helper-simple-access@7.24.6 from lock file\nnpm ERR! Missing: @babel/helper-split-export-declaration@7.24.6 from lock file\nnpm ERR! Missing: @babel/helper-validator-identifier@7.24.6 from lock file\nnpm ERR! Missing: chalk@2.4.2 from lock file\nnpm ERR! Missing: js-tokens@4.0.0 from lock file\nnpm ERR! Missing: @babel/helper-function-name@7.24.6 from lock file\nnpm ERR! Missing: @babel/helper-hoist-variables@7.24.6 from lock file\nnpm ERR! Missing: debug@4.3.5 from lock file\nnpm ERR! Missing: globals@11.12.0 from lock file\nnpm ERR! Missing: @babel/helper-string-parser@7.24.6 from lock file\nnpm ERR! Missing: to-fast-properties@2.0.0 from lock file\nnpm ERR! Missing: @jest/schemas@29.6.3 from lock file\nnpm ERR! Missing: @types/istanbul-reports@3.0.4 from lock file\nnpm ERR! Missing: @types/yargs@17.0.32 from lock file\nnpm ERR! Missing: @sinclair/typebox@0.27.8 from lock file\nnpm ERR! Missing: @jridgewell/set-array@1.2.1 from lock file\nnpm ERR! Missing: @jridgewell/sourcemap-codec@1.4.15 from lock file\nnpm ERR! Missing: @jridgewell/resolve-uri@3.1.2 from lock file\nnpm ERR! Missing: @types/istanbul-lib-report@3.0.3 from lock file\nnpm ERR! Missing: @types/yargs-parser@21.0.3 from lock file\nnpm ERR! Missing: type-fest@0.21.3 from lock file\nnpm ERR! Missing: @babel/helper-plugin-utils@7.24.6 from lock file\nnpm ERR! Missing: @istanbuljs/load-nyc-config@1.1.0 from lock file\nnpm ERR! Missing: @istanbuljs/schema@0.1.3 from lock file\nnpm ERR! Missing: istanbul-lib-instrument@5.2.1 from lock file\nnpm ERR! Missing: test-exclude@6.0.0 from lock file\nnpm ERR! Missing: camelcase@5.3.1 from lock file\nnpm ERR! Missing: find-up@4.1.0 from lock file\nnpm ERR! Missing: get-package-type@0.1.0 from lock file\nnpm ERR! Missing: js-yaml@3.14.1 from lock file\nnpm ERR! Missing: resolve-from@5.0.0 from lock file\nnpm ERR! Missing: caniuse-lite@1.0.30001627 from lock file\nnpm ERR! Missing: electron-to-chromium@1.4.788 from lock file\nnpm ERR! Missing: node-releases@2.0.14 from lock file\nnpm ERR! Missing: update-browserslist-db@1.0.16 from lock file\nnpm ERR! Missing: supports-color@7.2.0 from lock file\nnpm ERR! Missing: locate-path@5.0.0 from lock file\nnpm ERR! Missing: path-exists@4.0.0 from lock file\nnpm ERR! Missing: fs.realpath@1.0.0 from lock file\nnpm ERR! Missing: inflight@1.0.6 from lock file\nnpm ERR! Missing: minimatch@3.1.2 from lock file\nnpm ERR! Missing: path-is-absolute@1.0.1 from lock file\nnpm ERR! Missing: pkg-dir@4.2.0 from lock file\nnpm ERR! Missing: resolve-cwd@3.0.0 from lock file\nnpm ERR! Missing: make-dir@4.0.0 from lock file\nnpm ERR! Missing: debug@4.3.5 from lock file\nnpm ERR! Missing: source-map@0.6.1 from lock file\nnpm ERR! Missing: html-escaper@2.0.2 from lock file\nnpm ERR! Missing: execa@5.1.1 from lock file\nnpm ERR! Missing: cross-spawn@7.0.3 from lock file\nnpm ERR! Missing: get-stream@6.0.1 from lock file\nnpm ERR! Missing: human-signals@2.1.0 from lock file\nnpm ERR! Missing: merge-stream@2.0.0 from lock file\nnpm ERR! Missing: npm-run-path@4.0.1 from lock file\nnpm ERR! Missing: onetime@5.1.2 from lock file\nnpm ERR! Missing: signal-exit@3.0.7 from lock file\nnpm ERR! Missing: strip-final-newline@2.0.0 from lock file\nnpm ERR! Missing: path-key@3.1.1 from lock file\nnpm ERR! Missing: shebang-command@2.0.0 from lock file\nnpm ERR! Missing: which@2.0.2 from lock file\nnpm ERR! Missing: create-jest@29.7.0 from lock file\nnpm ERR! Missing: prompts@2.4.2 from lock file\nnpm ERR! Missing: @jest/test-sequencer@29.7.0 from lock file\nnpm ERR! Missing: babel-jest@29.7.0 from lock file\nnpm ERR! Missing: deepmerge@4.3.1 from lock file\nnpm ERR! Missing: jest-circus@29.7.0 from lock file\nnpm ERR! Missing: jest-environment-node@29.7.0 from lock file\nnpm ERR! Missing: jest-get-type@29.6.3 from lock file\nnpm ERR! Missing: parse-json@5.2.0 from lock file\nnpm ERR! Missing: strip-json-comments@3.1.1 from lock file\nnpm ERR! Missing: @types/babel__core@7.20.5 from lock file\nnpm ERR! Missing: babel-preset-jest@29.6.3 from lock file\nnpm ERR! Missing: @types/babel__generator@7.6.8 from lock file\nnpm ERR! Missing: @types/babel__template@7.4.4 from lock file\nnpm ERR! Missing: @types/babel__traverse@7.20.6 from lock file\nnpm ERR! Missing: babel-plugin-jest-hoist@29.6.3 from lock file\nnpm ERR! Missing: babel-preset-current-node-syntax@1.0.1 from lock file\nnpm ERR! Missing: @babel/plugin-syntax-async-generators@7.8.4 from lock file\nnpm ERR! Missing: @babel/plugin-syntax-bigint@7.8.3 from lock file\nnpm ERR! Missing: @babel/plugin-syntax-class-properties@7.12.13 from lock file\nnpm ERR! Missing: @babel/plugin-syntax-import-meta@7.10.4 from lock file\nnpm ERR! Missing: @babel/plugin-syntax-json-strings@7.8.3 from lock file\nnpm ERR! Missing: @babel/plugin-syntax-logical-assignment-operators@7.10.4 from lock file\nnpm ERR! Missing: @babel/plugin-syntax-nullish-coalescing-operator@7.8.3 from lock file\nnpm ERR! Missing: @babel/plugin-syntax-numeric-separator@7.10.4 from lock file\nnpm ERR! Missing: @babel/plugin-syntax-object-rest-spread@7.8.3 from lock file\nnpm ERR! Missing: @babel/plugin-syntax-optional-catch-binding@7.8.3 from lock file\nnpm ERR! Missing: @babel/plugin-syntax-optional-chaining@7.8.3 from lock file\nnpm ERR! Missing: @babel/plugin-syntax-top-level-await@7.14.5 from lock file\nnpm ERR! Missing: @jest/environment@29.7.0 from lock file\nnpm ERR! Missing: @jest/expect@29.7.0 from lock file\nnpm ERR! Missing: co@4.6.0 from lock file\nnpm ERR! Missing: dedent@1.5.3 from lock file\nnpm ERR! Missing: is-generator-fn@2.1.0 from lock file\nnpm ERR! Missing: jest-each@29.7.0 from lock file\nnpm ERR! Missing: jest-matcher-utils@29.7.0 from lock file\nnpm ERR! Missing: pure-rand@6.1.0 from lock file\nnpm ERR! Missing: stack-utils@2.0.6 from lock file\nnpm ERR! Missing: @jest/fake-timers@29.7.0 from lock file\nnpm ERR! Missing: jest-mock@29.7.0 from lock file\nnpm ERR! Missing: expect@29.7.0 from lock file\nnpm ERR! Missing: @sinonjs/fake-timers@10.3.0 from lock file\nnpm ERR! Missing: @sinonjs/commons@3.0.1 from lock file\nnpm ERR! Missing: type-detect@4.0.8 from lock file\nnpm ERR! Missing: @jest/expect-utils@29.7.0 from lock file\nnpm ERR! Missing: @types/graceful-fs@4.1.9 from lock file\nnpm ERR! Missing: anymatch@3.1.3 from lock file\nnpm ERR! Missing: fb-watchman@2.0.2 from lock file\nnpm ERR! Missing: fsevents@2.3.3 from lock file\nnpm ERR! Missing: walker@1.0.8 from lock file\nnpm ERR! Missing: normalize-path@3.0.0 from lock file\nnpm ERR! Missing: picomatch@2.3.1 from lock file\nnpm ERR! Missing: bser@2.1.1 from lock file\nnpm ERR! Missing: node-int64@0.4.0 from lock file\nnpm ERR! Missing: jest-diff@29.7.0 from lock file\nnpm ERR! Missing: diff-sequences@29.6.3 from lock file\nnpm ERR! Missing: @types/stack-utils@2.0.3 from lock file\nnpm ERR! Missing: jest-pnp-resolver@1.2.3 from lock file\nnpm ERR! Missing: resolve@1.22.8 from lock file\nnpm ERR! Missing: resolve.exports@2.0.2 from lock file\nnpm ERR! Missing: emittery@0.13.1 from lock file\nnpm ERR! Missing: jest-docblock@29.7.0 from lock file\nnpm ERR! Missing: jest-leak-detector@29.7.0 from lock file\nnpm ERR! Missing: source-map-support@0.5.13 from lock file\nnpm ERR! Missing: detect-newline@3.1.0 from lock file\nnpm ERR! Missing: @jest/globals@29.7.0 from lock file\nnpm ERR! Missing: @jest/source-map@29.6.3 from lock file\nnpm ERR! Missing: cjs-module-lexer@1.3.1 from lock file\nnpm ERR! Missing: strip-bom@4.0.0 from lock file\nnpm ERR! Missing: callsites@3.1.0 from lock file\nnpm ERR! Missing: @babel/plugin-syntax-jsx@7.24.6 from lock file\nnpm ERR! Missing: @babel/plugin-syntax-typescript@7.24.6 from lock file\nnpm ERR! Missing: natural-compare@1.4.0 from lock file\nnpm ERR! Missing: camelcase@6.3.0 from lock file\nnpm ERR! Missing: leven@3.1.0 from lock file\nnpm ERR! Missing: supports-color@8.1.1 from lock file\nnpm ERR! Missing: argparse@1.0.10 from lock file\nnpm ERR! Missing: esprima@4.0.1 from lock file\nnpm ERR! Missing: sprintf-js@1.0.3 from lock file\nnpm ERR! Missing: p-locate@4.1.0 from lock file\nnpm ERR! Missing: braces@3.0.3 from lock file\nnpm ERR! Missing: fill-range@7.1.1 from lock file\nnpm ERR! Missing: to-regex-range@5.0.1 from lock file\nnpm ERR! Missing: brace-expansion@1.1.11 from lock file\nnpm ERR! Missing: balanced-match@1.0.2 from lock file\nnpm ERR! Missing: concat-map@0.0.1 from lock file\nnpm ERR! Missing: mimic-fn@2.1.0 from lock file\nnpm ERR! Missing: p-limit@2.3.0 from lock file\nnpm ERR! Missing: error-ex@1.3.2 from lock file\nnpm ERR! Missing: json-parse-even-better-errors@2.3.1 from lock file\nnpm ERR! Missing: lines-and-columns@1.2.4 from lock file\nnpm ERR! Missing: is-arrayish@0.2.1 from lock file\nnpm ERR! Missing: ansi-styles@5.2.0 from lock file\nnpm ERR! Missing: react-is@18.3.1 from lock file\nnpm ERR! Missing: kleur@3.0.3 from lock file\nnpm ERR! Missing: sisteransi@1.0.5 from lock file\nnpm ERR! Missing: is-core-module@2.13.1 from lock file\nnpm ERR! Missing: path-parse@1.0.7 from lock file\nnpm ERR! Missing: supports-preserve-symlinks-flag@1.0.0 from lock file\nnpm ERR! Missing: shebang-regex@3.0.0 from lock file\nnpm ERR! Missing: buffer-from@1.1.2 from lock file\nnpm ERR! Missing: escape-string-regexp@2.0.0 from lock file\nnpm ERR! Missing: char-regex@1.0.2 from lock file\nnpm ERR! Missing: has-flag@4.0.0 from lock file\nnpm ERR! Missing: is-number@7.0.0 from lock file\nnpm ERR! Missing: makeerror@1.0.12 from lock file\nnpm ERR! Missing: tmpl@1.0.5 from lock file\nnpm ERR! Missing: isexe@2.0.0 from lock file\nnpm ERR! Missing: imurmurhash@0.1.4 from lock file\nnpm ERR! Missing: ms@2.1.2 from lock file\nnpm ERR! Missing: yallist@3.1.1 from lock file\nnpm ERR! Missing: ansi-styles@3.2.1 from lock file\nnpm ERR! Missing: escape-string-regexp@1.0.5 from lock file\nnpm ERR! Missing: supports-color@5.5.0 from lock file\nnpm ERR! Missing: color-convert@1.9.3 from lock file\nnpm ERR! Missing: color-name@1.1.3 from lock file\nnpm ERR! Missing: has-flag@3.0.0 from lock file\nnpm ERR! Missing: ms@2.1.2 from lock file\nnpm ERR! Missing: semver@6.3.1 from lock file\nnpm ERR! Missing: ms@2.1.2 from lock file\nnpm ERR! Missing: p-try@2.2.0 from lock file\nnpm ERR! \nnpm ERR! Clean install a project\nnpm ERR! \nnpm ERR! Usage:\nnpm ERR! npm ci\nnpm ERR! \nnpm ERR! Options:\nnpm ERR! [--install-strategy <hoisted|nested|shallow|linked>] [--legacy-bundling]\nnpm ERR! [--global-style] [--omit <dev|optional|peer> [--omit <dev|optional|peer> ...]]\nnpm ERR! [--include <prod|dev|optional|peer> [--include <prod|dev|optional|peer> ...]]\nnpm ERR! [--strict-peer-deps] [--foreground-scripts] [--ignore-scripts] [--no-audit]\nnpm ERR! [--no-bin-links] [--no-fund] [--dry-run]\nnpm ERR! [-w|--workspace <workspace-name> [-w|--workspace <workspace-name> ...]]\nnpm ERR! [-ws|--workspaces] [--include-workspace-root] [--install-links]\nnpm ERR! \nnpm ERR! aliases: clean-install, ic, install-clean, isntall-clean\nnpm ERR! \nnpm ERR! Run \"npm help ci\" for more info\n\nnpm ERR! A complete log of this run can be found in: /www-data-home/.npm/_logs/2024-06-04T03_45_02_470Z-debug-0.log. For more details see the logs at https://console.cloud.google.com/cloud-build/builds;region=us-central1/3b279676-340a-4963-9758-de4e435a0edd?project=679960200010.",
    "original": {
      "code": 3,
      "message": "Build failed with status: FAILURE and message: npm ERR! code EUSAGE\nnpm ERR! \nnpm ERR! `npm ci` can only install packages when your package.json and package-lock.json or npm-shrinkwrap.json are in sync. Please update your lock file with `npm install` before continuing.\nnpm ERR! \nnpm ERR! Missing: jest@29.7.0 from lock file\nnpm ERR! Missing: @jest/core@29.7.0 from lock file\nnpm ERR! Missing: @jest/types@29.6.3 from lock file\nnpm ERR! Missing: import-local@3.1.0 from lock file\nnpm ERR! Missing: jest-cli@29.7.0 from lock file\nnpm ERR! Missing: @jest/console@29.7.0 from lock file\nnpm ERR! Missing: @jest/reporters@29.7.0 from lock file\nnpm ERR! Missing: @jest/test-result@29.7.0 from lock file\nnpm ERR! Missing: @jest/transform@29.7.0 from lock file\nnpm ERR! Missing: ansi-escapes@4.3.2 from lock file\nnpm ERR! Missing: chalk@4.1.2 from lock file\nnpm ERR! Missing: ci-info@3.9.0 from lock file\nnpm ERR! Missing: exit@0.1.2 from lock file\nnpm ERR! Missing: graceful-fs@4.2.11 from lock file\nnpm ERR! Missing: jest-changed-files@29.7.0 from lock file\nnpm ERR! Missing: jest-config@29.7.0 from lock file\nnpm ERR! Missing: jest-haste-map@29.7.0 from lock file\nnpm ERR! Missing: jest-message-util@29.7.0 from lock file\nnpm ERR! Missing: jest-regex-util@29.6.3 from lock file\nnpm ERR! Missing: jest-resolve@29.7.0 from lock file\nnpm ERR! Missing: jest-resolve-dependencies@29.7.0 from lock file\nnpm ERR! Missing: jest-runner@29.7.0 from lock file\nnpm ERR! Missing: jest-runtime@29.7.0 from lock file\nnpm ERR! Missing: jest-snapshot@29.7.0 from lock file\nnpm ERR! Missing: jest-util@29.7.0 from lock file\nnpm ERR! Missing: jest-validate@29.7.0 from lock file\nnpm ERR! Missing: jest-watcher@29.7.0 from lock file\nnpm ERR! Missing: micromatch@4.0.7 from lock file\nnpm ERR! Missing: pretty-format@29.7.0 from lock file\nnpm ERR! Missing: slash@3.0.0 from lock file\nnpm ERR! Missing: @bcoe/v8-coverage@0.2.3 from lock file\nnpm ERR! Missing: @jridgewell/trace-mapping@0.3.25 from lock file\nnpm ERR! Missing: collect-v8-coverage@1.0.2 from lock file\nnpm ERR! Missing: glob@7.2.3 from lock file\nnpm ERR! Missing: istanbul-lib-coverage@3.2.2 from lock file\nnpm ERR! Missing: istanbul-lib-instrument@6.0.2 from lock file\nnpm ERR! Missing: istanbul-lib-report@3.0.1 from lock file\nnpm ERR! Missing: istanbul-lib-source-maps@4.0.1 from lock file\nnpm ERR! Missing: istanbul-reports@3.1.7 from lock file\nnpm ERR! Missing: jest-worker@29.7.0 from lock file\nnpm ERR! Missing: string-length@4.0.2 from lock file\nnpm ERR! Missing: v8-to-istanbul@9.2.0 from lock file\nnpm ERR! Missing: @types/istanbul-lib-coverage@2.0.6 from lock file\nnpm ERR! Missing: @babel/core@7.24.6 from lock file\nnpm ERR! Missing: babel-plugin-istanbul@6.1.1 from lock file\nnpm ERR! Missing: convert-source-map@2.0.0 from lock file\nnpm ERR! Missing: fast-json-stable-stringify@2.1.0 from lock file\nnpm ERR! Missing: pirates@4.0.6 from lock file\nnpm ERR! Missing: write-file-atomic@4.0.2 from lock file\nnpm ERR! Missing: @ampproject/remapping@2.3.0 from lock file\nnpm ERR! Missing: @babel/code-frame@7.24.6 from lock file\nnpm ERR! Missing: @babel/generator@7.24.6 from lock file\nnpm ERR! Missing: @babel/helper-compilation-targets@7.24.6 from lock file\nnpm ERR! Missing: @babel/helper-module-transforms@7.24.6 from lock file\nnpm ERR! Missing: @babel/helpers@7.24.6 from lock file\nnpm ERR! Missing: @babel/parser@7.24.6 from lock file\nnpm ERR! Missing: @babel/template@7.24.6 from lock file\nnpm ERR! Missing: @babel/traverse@7.24.6 from lock file\nnpm ERR! Missing: @babel/types@7.24.6 from lock file\nnpm ERR! Missing: debug@4.3.5 from lock file\nnpm ERR! Missing: gensync@1.0.0-beta.2 from lock file\nnpm ERR! Missing: json5@2.2.3 from lock file\nnpm ERR! Missing: semver@6.3.1 from lock file\nnpm ERR! Missing: @jridgewell/gen-mapping@0.3.5 from lock file\nnpm ERR! Missing: @babel/highlight@7.24.6 from lock file\nnpm ERR! Missing: picocolors@1.0.1 from lock file\nnpm ERR! Missing: jsesc@2.5.2 from lock file\nnpm ERR! Missing: @babel/compat-data@7.24.6 from lock file\nnpm ERR! Missing: @babel/helper-validator-option@7.24.6 from lock file\nnpm ERR! Missing: browserslist@4.23.0 from lock file\nnpm ERR! Missing: lru-cache@5.1.1 from lock file\nnpm ERR! Missing: semver@6.3.1 from lock file\nnpm ERR! Missing: @babel/helper-environment-visitor@7.24.6 from lock file\nnpm ERR! Missing: @babel/helper-module-imports@7.24.6 from lock file\nnpm ERR! Missing: @babel/helper-simple-access@7.24.6 from lock file\nnpm ERR! Missing: @babel/helper-split-export-declaration@7.24.6 from lock file\nnpm ERR! Missing: @babel/helper-validator-identifier@7.24.6 from lock file\nnpm ERR! Missing: chalk@2.4.2 from lock file\nnpm ERR! Missing: js-tokens@4.0.0 from lock file\nnpm ERR! Missing: @babel/helper-function-name@7.24.6 from lock file\nnpm ERR! Missing: @babel/helper-hoist-variables@7.24.6 from lock file\nnpm ERR! Missing: debug@4.3.5 from lock file\nnpm ERR! Missing: globals@11.12.0 from lock file\nnpm ERR! Missing: @babel/helper-string-parser@7.24.6 from lock file\nnpm ERR! Missing: to-fast-properties@2.0.0 from lock file\nnpm ERR! Missing: @jest/schemas@29.6.3 from lock file\nnpm ERR! Missing: @types/istanbul-reports@3.0.4 from lock file\nnpm ERR! Missing: @types/yargs@17.0.32 from lock file\nnpm ERR! Missing: @sinclair/typebox@0.27.8 from lock file\nnpm ERR! Missing: @jridgewell/set-array@1.2.1 from lock file\nnpm ERR! Missing: @jridgewell/sourcemap-codec@1.4.15 from lock file\nnpm ERR! Missing: @jridgewell/resolve-uri@3.1.2 from lock file\nnpm ERR! Missing: @types/istanbul-lib-report@3.0.3 from lock file\nnpm ERR! Missing: @types/yargs-parser@21.0.3 from lock file\nnpm ERR! Missing: type-fest@0.21.3 from lock file\nnpm ERR! Missing: @babel/helper-plugin-utils@7.24.6 from lock file\nnpm ERR! Missing: @istanbuljs/load-nyc-config@1.1.0 from lock file\nnpm ERR! Missing: @istanbuljs/schema@0.1.3 from lock file\nnpm ERR! Missing: istanbul-lib-instrument@5.2.1 from lock file\nnpm ERR! Missing: test-exclude@6.0.0 from lock file\nnpm ERR! Missing: camelcase@5.3.1 from lock file\nnpm ERR! Missing: find-up@4.1.0 from lock file\nnpm ERR! Missing: get-package-type@0.1.0 from lock file\nnpm ERR! Missing: js-yaml@3.14.1 from lock file\nnpm ERR! Missing: resolve-from@5.0.0 from lock file\nnpm ERR! Missing: caniuse-lite@1.0.30001627 from lock file\nnpm ERR! Missing: electron-to-chromium@1.4.788 from lock file\nnpm ERR! Missing: node-releases@2.0.14 from lock file\nnpm ERR! Missing: update-browserslist-db@1.0.16 from lock file\nnpm ERR! Missing: supports-color@7.2.0 from lock file\nnpm ERR! Missing: locate-path@5.0.0 from lock file\nnpm ERR! Missing: path-exists@4.0.0 from lock file\nnpm ERR! Missing: fs.realpath@1.0.0 from lock file\nnpm ERR! Missing: inflight@1.0.6 from lock file\nnpm ERR! Missing: minimatch@3.1.2 from lock file\nnpm ERR! Missing: path-is-absolute@1.0.1 from lock file\nnpm ERR! Missing: pkg-dir@4.2.0 from lock file\nnpm ERR! Missing: resolve-cwd@3.0.0 from lock file\nnpm ERR! Missing: make-dir@4.0.0 from lock file\nnpm ERR! Missing: debug@4.3.5 from lock file\nnpm ERR! Missing: source-map@0.6.1 from lock file\nnpm ERR! Missing: html-escaper@2.0.2 from lock file\nnpm ERR! Missing: execa@5.1.1 from lock file\nnpm ERR! Missing: cross-spawn@7.0.3 from lock file\nnpm ERR! Missing: get-stream@6.0.1 from lock file\nnpm ERR! Missing: human-signals@2.1.0 from lock file\nnpm ERR! Missing: merge-stream@2.0.0 from lock file\nnpm ERR! Missing: npm-run-path@4.0.1 from lock file\nnpm ERR! Missing: onetime@5.1.2 from lock file\nnpm ERR! Missing: signal-exit@3.0.7 from lock file\nnpm ERR! Missing: strip-final-newline@2.0.0 from lock file\nnpm ERR! Missing: path-key@3.1.1 from lock file\nnpm ERR! Missing: shebang-command@2.0.0 from lock file\nnpm ERR! Missing: which@2.0.2 from lock file\nnpm ERR! Missing: create-jest@29.7.0 from lock file\nnpm ERR! Missing: prompts@2.4.2 from lock file\nnpm ERR! Missing: @jest/test-sequencer@29.7.0 from lock file\nnpm ERR! Missing: babel-jest@29.7.0 from lock file\nnpm ERR! Missing: deepmerge@4.3.1 from lock file\nnpm ERR! Missing: jest-circus@29.7.0 from lock file\nnpm ERR! Missing: jest-environment-node@29.7.0 from lock file\nnpm ERR! Missing: jest-get-type@29.6.3 from lock file\nnpm ERR! Missing: parse-json@5.2.0 from lock file\nnpm ERR! Missing: strip-json-comments@3.1.1 from lock file\nnpm ERR! Missing: @types/babel__core@7.20.5 from lock file\nnpm ERR! Missing: babel-preset-jest@29.6.3 from lock file\nnpm ERR! Missing: @types/babel__generator@7.6.8 from lock file\nnpm ERR! Missing: @types/babel__template@7.4.4 from lock file\nnpm ERR! Missing: @types/babel__traverse@7.20.6 from lock file\nnpm ERR! Missing: babel-plugin-jest-hoist@29.6.3 from lock file\nnpm ERR! Missing: babel-preset-current-node-syntax@1.0.1 from lock file\nnpm ERR! Missing: @babel/plugin-syntax-async-generators@7.8.4 from lock file\nnpm ERR! Missing: @babel/plugin-syntax-bigint@7.8.3 from lock file\nnpm ERR! Missing: @babel/plugin-syntax-class-properties@7.12.13 from lock file\nnpm ERR! Missing: @babel/plugin-syntax-import-meta@7.10.4 from lock file\nnpm ERR! Missing: @babel/plugin-syntax-json-strings@7.8.3 from lock file\nnpm ERR! Missing: @babel/plugin-syntax-logical-assignment-operators@7.10.4 from lock file\nnpm ERR! Missing: @babel/plugin-syntax-nullish-coalescing-operator@7.8.3 from lock file\nnpm ERR! Missing: @babel/plugin-syntax-numeric-separator@7.10.4 from lock file\nnpm ERR! Missing: @babel/plugin-syntax-object-rest-spread@7.8.3 from lock file\nnpm ERR! Missing: @babel/plugin-syntax-optional-catch-binding@7.8.3 from lock file\nnpm ERR! Missing: @babel/plugin-syntax-optional-chaining@7.8.3 from lock file\nnpm ERR! Missing: @babel/plugin-syntax-top-level-await@7.14.5 from lock file\nnpm ERR! Missing: @jest/environment@29.7.0 from lock file\nnpm ERR! Missing: @jest/expect@29.7.0 from lock file\nnpm ERR! Missing: co@4.6.0 from lock file\nnpm ERR! Missing: dedent@1.5.3 from lock file\nnpm ERR! Missing: is-generator-fn@2.1.0 from lock file\nnpm ERR! Missing: jest-each@29.7.0 from lock file\nnpm ERR! Missing: jest-matcher-utils@29.7.0 from lock file\nnpm ERR! Missing: pure-rand@6.1.0 from lock file\nnpm ERR! Missing: stack-utils@2.0.6 from lock file\nnpm ERR! Missing: @jest/fake-timers@29.7.0 from lock file\nnpm ERR! Missing: jest-mock@29.7.0 from lock file\nnpm ERR! Missing: expect@29.7.0 from lock file\nnpm ERR! Missing: @sinonjs/fake-timers@10.3.0 from lock file\nnpm ERR! Missing: @sinonjs/commons@3.0.1 from lock file\nnpm ERR! Missing: type-detect@4.0.8 from lock file\nnpm ERR! Missing: @jest/expect-utils@29.7.0 from lock file\nnpm ERR! Missing: @types/graceful-fs@4.1.9 from lock file\nnpm ERR! Missing: anymatch@3.1.3 from lock file\nnpm ERR! Missing: fb-watchman@2.0.2 from lock file\nnpm ERR! Missing: fsevents@2.3.3 from lock file\nnpm ERR! Missing: walker@1.0.8 from lock file\nnpm ERR! Missing: normalize-path@3.0.0 from lock file\nnpm ERR! Missing: picomatch@2.3.1 from lock file\nnpm ERR! Missing: bser@2.1.1 from lock file\nnpm ERR! Missing: node-int64@0.4.0 from lock file\nnpm ERR! Missing: jest-diff@29.7.0 from lock file\nnpm ERR! Missing: diff-sequences@29.6.3 from lock file\nnpm ERR! Missing: @types/stack-utils@2.0.3 from lock file\nnpm ERR! Missing: jest-pnp-resolver@1.2.3 from lock file\nnpm ERR! Missing: resolve@1.22.8 from lock file\nnpm ERR! Missing: resolve.exports@2.0.2 from lock file\nnpm ERR! Missing: emittery@0.13.1 from lock file\nnpm ERR! Missing: jest-docblock@29.7.0 from lock file\nnpm ERR! Missing: jest-leak-detector@29.7.0 from lock file\nnpm ERR! Missing: source-map-support@0.5.13 from lock file\nnpm ERR! Missing: detect-newline@3.1.0 from lock file\nnpm ERR! Missing: @jest/globals@29.7.0 from lock file\nnpm ERR! Missing: @jest/source-map@29.6.3 from lock file\nnpm ERR! Missing: cjs-module-lexer@1.3.1 from lock file\nnpm ERR! Missing: strip-bom@4.0.0 from lock file\nnpm ERR! Missing: callsites@3.1.0 from lock file\nnpm ERR! Missing: @babel/plugin-syntax-jsx@7.24.6 from lock file\nnpm ERR! Missing: @babel/plugin-syntax-typescript@7.24.6 from lock file\nnpm ERR! Missing: natural-compare@1.4.0 from lock file\nnpm ERR! Missing: camelcase@6.3.0 from lock file\nnpm ERR! Missing: leven@3.1.0 from lock file\nnpm ERR! Missing: supports-color@8.1.1 from lock file\nnpm ERR! Missing: argparse@1.0.10 from lock file\nnpm ERR! Missing: esprima@4.0.1 from lock file\nnpm ERR! Missing: sprintf-js@1.0.3 from lock file\nnpm ERR! Missing: p-locate@4.1.0 from lock file\nnpm ERR! Missing: braces@3.0.3 from lock file\nnpm ERR! Missing: fill-range@7.1.1 from lock file\nnpm ERR! Missing: to-regex-range@5.0.1 from lock file\nnpm ERR! Missing: brace-expansion@1.1.11 from lock file\nnpm ERR! Missing: balanced-match@1.0.2 from lock file\nnpm ERR! Missing: concat-map@0.0.1 from lock file\nnpm ERR! Missing: mimic-fn@2.1.0 from lock file\nnpm ERR! Missing: p-limit@2.3.0 from lock file\nnpm ERR! Missing: error-ex@1.3.2 from lock file\nnpm ERR! Missing: json-parse-even-better-errors@2.3.1 from lock file\nnpm ERR! Missing: lines-and-columns@1.2.4 from lock file\nnpm ERR! Missing: is-arrayish@0.2.1 from lock file\nnpm ERR! Missing: ansi-styles@5.2.0 from lock file\nnpm ERR! Missing: react-is@18.3.1 from lock file\nnpm ERR! Missing: kleur@3.0.3 from lock file\nnpm ERR! Missing: sisteransi@1.0.5 from lock file\nnpm ERR! Missing: is-core-module@2.13.1 from lock file\nnpm ERR! Missing: path-parse@1.0.7 from lock file\nnpm ERR! Missing: supports-preserve-symlinks-flag@1.0.0 from lock file\nnpm ERR! Missing: shebang-regex@3.0.0 from lock file\nnpm ERR! Missing: buffer-from@1.1.2 from lock file\nnpm ERR! Missing: escape-string-regexp@2.0.0 from lock file\nnpm ERR! Missing: char-regex@1.0.2 from lock file\nnpm ERR! Missing: has-flag@4.0.0 from lock file\nnpm ERR! Missing: is-number@7.0.0 from lock file\nnpm ERR! Missing: makeerror@1.0.12 from lock file\nnpm ERR! Missing: tmpl@1.0.5 from lock file\nnpm ERR! Missing: isexe@2.0.0 from lock file\nnpm ERR! Missing: imurmurhash@0.1.4 from lock file\nnpm ERR! Missing: ms@2.1.2 from lock file\nnpm ERR! Missing: yallist@3.1.1 from lock file\nnpm ERR! Missing: ansi-styles@3.2.1 from lock file\nnpm ERR! Missing: escape-string-regexp@1.0.5 from lock file\nnpm ERR! Missing: supports-color@5.5.0 from lock file\nnpm ERR! Missing: color-convert@1.9.3 from lock file\nnpm ERR! Missing: color-name@1.1.3 from lock file\nnpm ERR! Missing: has-flag@3.0.0 from lock file\nnpm ERR! Missing: ms@2.1.2 from lock file\nnpm ERR! Missing: semver@6.3.1 from lock file\nnpm ERR! Missing: ms@2.1.2 from lock file\nnpm ERR! Missing: p-try@2.2.0 from lock file\nnpm ERR! \nnpm ERR! Clean install a project\nnpm ERR! \nnpm ERR! Usage:\nnpm ERR! npm ci\nnpm ERR! \nnpm ERR! Options:\nnpm ERR! [--install-strategy <hoisted|nested|shallow|linked>] [--legacy-bundling]\nnpm ERR! [--global-style] [--omit <dev|optional|peer> [--omit <dev|optional|peer> ...]]\nnpm ERR! [--include <prod|dev|optional|peer> [--include <prod|dev|optional|peer> ...]]\nnpm ERR! [--strict-peer-deps] [--foreground-scripts] [--ignore-scripts] [--no-audit]\nnpm ERR! [--no-bin-links] [--no-fund] [--dry-run]\nnpm ERR! [-w|--workspace <workspace-name> [-w|--workspace <workspace-name> ...]]\nnpm ERR! [-ws|--workspaces] [--include-workspace-root] [--install-links]\nnpm ERR! \nnpm ERR! aliases: clean-install, ic, install-clean, isntall-clean\nnpm ERR! \nnpm ERR! Run \"npm help ci\" for more info\n\nnpm ERR! A complete log of this run can be found in: /www-data-home/.npm/_logs/2024-06-04T03_45_02_470Z-debug-0.log. For more details see the logs at https://console.cloud.google.com/cloud-build/builds;region=us-central1/3b279676-340a-4963-9758-de4e435a0edd?project=679960200010."
    },
    "status": 3,
    "code": 3
  }
}
[debug] [2024-06-04T03:45:36.167Z] Error: Failed to update function api in region us-central1
    at C:\Users\yonat\AppData\Roaming\npm\node_modules\firebase-tools\lib\deploy\functions\release\fabricator.js:399:19
    at process.processTicksAndRejections (node:internal/process/task_queues:95:5)
    at async Fabricator.updateV2Function (C:\Users\yonat\AppData\Roaming\npm\node_modules\firebase-tools\lib\deploy\functions\release\fabricator.js:388:32)
    at async Fabricator.updateEndpoint (C:\Users\yonat\AppData\Roaming\npm\node_modules\firebase-tools\lib\deploy\functions\release\fabricator.js:155:13)
    at async handle (C:\Users\yonat\AppData\Roaming\npm\node_modules\firebase-tools\lib\deploy\functions\release\fabricator.js:89:17)
[error] 
[error] Error: There was an error deploying functions
